# timestamp | duration | file | instruction | dir | modtime | etag | size | fileId | status | errorString | http result code | other size | other modtime | other etag | other fileId | other instruction
#=#=#=# Syncrun started 2018-02-06T22:04:44Z
#=#=#=# Syncrun started 2018-02-06T23:52:40Z
#=#=#=#=# Propagation starts 2018-02-07T00:17:54Z (last step: 1513705 msec, total: 1513705 msec)
00:18:00||node_modules/xmlbuilder/node_modules/lodash/package.json|INST_SYNC|Up|1517929359|ab6366b8721321f6cb36b8f50531943a|2044|00670484ocg0oijmmfm5|4||204|2073|1517624120||||
#=#=#=# Syncrun finished 2018-02-07T00:18:01Z (last step: 7057 msec, total: 1520763 msec)
#=#=#=# Syncrun started 2018-02-07T00:19:19Z
#=#=#=#=# Propagation starts 2018-02-07T00:19:30Z (last step: 10861 msec, total: 10861 msec)
#=#=#=# Syncrun finished 2018-02-07T00:19:31Z (last step: 1492 msec, total: 12353 msec)
#=#=#=# Syncrun started 2018-02-07T02:19:36Z
#=#=#=#=# Propagation starts 2018-02-07T02:19:41Z (last step: 5017 msec, total: 5017 msec)
#=#=#=# Syncrun finished 2018-02-07T02:19:42Z (last step: 1843 msec, total: 6861 msec)
#=#=#=# Syncrun started 2018-02-07T02:19:47Z
#=#=#=#=# Propagation starts 2018-02-07T02:19:55Z (last step: 8365 msec, total: 8365 msec)
#=#=#=# Syncrun finished 2018-02-07T02:19:57Z (last step: 1852 msec, total: 10218 msec)
#=#=#=# Syncrun started 2018-02-07T04:20:07Z
#=#=#=#=# Propagation starts 2018-02-07T04:20:11Z (last step: 4642 msec, total: 4642 msec)
#=#=#=# Syncrun finished 2018-02-07T04:20:13Z (last step: 1402 msec, total: 6044 msec)
#=#=#=# Syncrun started 2018-02-07T04:20:17Z
#=#=#=#=# Propagation starts 2018-02-07T04:20:25Z (last step: 8193 msec, total: 8193 msec)
#=#=#=# Syncrun finished 2018-02-07T04:20:26Z (last step: 1395 msec, total: 9589 msec)
#=#=#=# Syncrun started 2018-02-07T06:20:28Z
#=#=#=#=# Propagation starts 2018-02-07T06:20:32Z (last step: 4585 msec, total: 4585 msec)
#=#=#=# Syncrun finished 2018-02-07T06:20:34Z (last step: 1396 msec, total: 5982 msec)
#=#=#=# Syncrun started 2018-02-07T06:20:38Z
#=#=#=#=# Propagation starts 2018-02-07T06:20:46Z (last step: 8134 msec, total: 8134 msec)
#=#=#=# Syncrun finished 2018-02-07T06:20:47Z (last step: 1378 msec, total: 9512 msec)
#=#=#=# Syncrun started 2018-02-07T06:56:49Z
#=#=#=#=# Propagation starts 2018-02-07T06:57:04Z (last step: 14313 msec, total: 14313 msec)
#=#=#=# Syncrun finished 2018-02-07T06:57:05Z (last step: 1401 msec, total: 15714 msec)
#=#=#=# Syncrun started 2018-02-07T07:08:10Z
#=#=#=#=# Propagation starts 2018-02-07T07:08:32Z (last step: 21215 msec, total: 21215 msec)
#=#=#=# Syncrun finished 2018-02-07T07:08:33Z (last step: 1566 msec, total: 22781 msec)
#=#=#=# Syncrun started 2018-02-07T07:16:11Z
#=#=#=#=# Propagation starts 2018-02-07T07:16:17Z (last step: 5841 msec, total: 5841 msec)
#=#=#=# Syncrun finished 2018-02-07T07:16:18Z (last step: 1496 msec, total: 7338 msec)
#=#=#=# Syncrun started 2018-02-07T07:18:38Z
#=#=#=#=# Propagation starts 2018-02-07T07:18:43Z (last step: 4593 msec, total: 4593 msec)
#=#=#=# Syncrun finished 2018-02-07T07:18:44Z (last step: 1380 msec, total: 5974 msec)
#=#=#=# Syncrun started 2018-02-07T07:43:46Z
#=#=#=#=# Propagation starts 2018-02-07T07:43:54Z (last step: 8149 msec, total: 8149 msec)
#=#=#=# Syncrun finished 2018-02-07T07:43:56Z (last step: 1393 msec, total: 9542 msec)
#=#=#=# Syncrun started 2018-02-07T07:50:50Z
#=#=#=#=# Propagation starts 2018-02-07T07:50:55Z (last step: 4571 msec, total: 4571 msec)
#=#=#=# Syncrun finished 2018-02-07T07:50:56Z (last step: 1387 msec, total: 5958 msec)
#=#=#=# Syncrun started 2018-02-07T07:52:27Z
#=#=#=# Syncrun finished 2018-02-07T07:53:12Z (last step: 45081 msec, total: 45081 msec)
#=#=#=# Syncrun started 2018-02-07T07:54:34Z
#=#=#=#=# Propagation starts 2018-02-07T07:54:40Z (last step: 5154 msec, total: 5154 msec)
#=#=#=# Syncrun finished 2018-02-07T07:54:41Z (last step: 1396 msec, total: 6550 msec)
#=#=#=# Syncrun started 2018-02-07T07:56:10Z
#=#=#=#=# Propagation starts 2018-02-07T07:56:15Z (last step: 5156 msec, total: 5156 msec)
#=#=#=# Syncrun finished 2018-02-07T07:56:16Z (last step: 1378 msec, total: 6534 msec)
#=#=#=# Syncrun started 2018-02-07T08:14:06Z
#=#=#=#=# Propagation starts 2018-02-07T08:14:10Z (last step: 4685 msec, total: 4685 msec)
#=#=#=# Syncrun finished 2018-02-07T08:14:12Z (last step: 1389 msec, total: 6074 msec)
#=#=#=# Syncrun started 2018-02-07T08:19:06Z
#=#=#=# Syncrun finished 2018-02-07T08:19:52Z (last step: 45575 msec, total: 45575 msec)
#=#=#=# Syncrun started 2018-02-07T08:20:11Z
#=#=#=#=# Propagation starts 2018-02-07T08:20:15Z (last step: 4621 msec, total: 4621 msec)
#=#=#=# Syncrun finished 2018-02-07T08:20:17Z (last step: 1393 msec, total: 6015 msec)
#=#=#=# Syncrun started 2018-02-07T08:43:17Z
#=#=#=#=# Propagation starts 2018-02-07T08:43:46Z (last step: 29678 msec, total: 29678 msec)
#=#=#=# Syncrun finished 2018-02-07T08:43:48Z (last step: 1389 msec, total: 31068 msec)
#=#=#=# Syncrun started 2018-02-07T08:55:55Z
#=#=#=#=# Propagation starts 2018-02-07T08:56:03Z (last step: 8149 msec, total: 8149 msec)
#=#=#=# Syncrun finished 2018-02-07T08:56:05Z (last step: 1379 msec, total: 9528 msec)
#=#=#=# Syncrun started 2018-02-07T09:03:55Z
#=#=#=#=# Propagation starts 2018-02-07T09:04:00Z (last step: 5177 msec, total: 5177 msec)
#=#=#=# Syncrun finished 2018-02-07T09:04:02Z (last step: 1383 msec, total: 6561 msec)
#=#=#=# Syncrun started 2018-02-07T09:08:44Z
#=#=#=#=# Propagation starts 2018-02-07T09:08:48Z (last step: 4591 msec, total: 4591 msec)
#=#=#=# Syncrun finished 2018-02-07T09:08:50Z (last step: 1390 msec, total: 5981 msec)
#=#=#=# Syncrun started 2018-02-07T09:40:45Z
#=#=#=#=# Propagation starts 2018-02-07T09:40:49Z (last step: 4581 msec, total: 4581 msec)
#=#=#=# Syncrun finished 2018-02-07T09:40:51Z (last step: 1392 msec, total: 5973 msec)
#=#=#=# Syncrun started 2018-02-07T09:42:50Z
#=#=#=#=# Propagation starts 2018-02-07T09:42:55Z (last step: 4601 msec, total: 4601 msec)
#=#=#=# Syncrun finished 2018-02-07T09:42:56Z (last step: 1372 msec, total: 5973 msec)
#=#=#=# Syncrun started 2018-02-07T10:05:15Z
#=#=#=#=# Propagation starts 2018-02-07T10:05:19Z (last step: 4604 msec, total: 4604 msec)
#=#=#=# Syncrun finished 2018-02-07T10:05:21Z (last step: 1400 msec, total: 6005 msec)
#=#=#=# Syncrun started 2018-02-07T10:06:40Z
#=#=#=#=# Propagation starts 2018-02-07T10:06:44Z (last step: 4637 msec, total: 4637 msec)
#=#=#=# Syncrun finished 2018-02-07T10:06:46Z (last step: 1375 msec, total: 6013 msec)
#=#=#=# Syncrun started 2018-02-07T10:15:26Z
#=#=#=#=# Propagation starts 2018-02-07T10:15:46Z (last step: 20262 msec, total: 20262 msec)
#=#=#=# Syncrun finished 2018-02-07T10:15:47Z (last step: 1385 msec, total: 21648 msec)
#=#=#=# Syncrun started 2018-02-07T10:39:23Z
#=#=#=#=# Propagation starts 2018-02-07T10:39:31Z (last step: 8150 msec, total: 8150 msec)
#=#=#=# Syncrun finished 2018-02-07T10:39:33Z (last step: 1394 msec, total: 9545 msec)
#=#=#=# Syncrun started 2018-02-07T10:41:02Z
#=#=#=#=# Propagation starts 2018-02-07T10:41:16Z (last step: 14137 msec, total: 14137 msec)
#=#=#=# Syncrun finished 2018-02-07T10:41:18Z (last step: 1393 msec, total: 15531 msec)
#=#=#=# Syncrun started 2018-02-07T10:50:03Z
#=#=#=#=# Propagation starts 2018-02-07T10:50:30Z (last step: 26268 msec, total: 26268 msec)
#=#=#=# Syncrun finished 2018-02-07T10:50:31Z (last step: 1395 msec, total: 27664 msec)
#=#=#=# Syncrun started 2018-02-07T10:57:36Z
#=#=#=#=# Propagation starts 2018-02-07T10:57:40Z (last step: 4620 msec, total: 4620 msec)
#=#=#=# Syncrun finished 2018-02-07T10:57:42Z (last step: 1400 msec, total: 6020 msec)
#=#=#=# Syncrun started 2018-02-07T11:05:32Z
#=#=#=#=# Propagation starts 2018-02-07T11:05:37Z (last step: 5135 msec, total: 5135 msec)
#=#=#=# Syncrun finished 2018-02-07T11:05:38Z (last step: 1399 msec, total: 6534 msec)
#=#=#=# Syncrun started 2018-02-07T11:07:09Z
#=#=#=#=# Propagation starts 2018-02-07T11:07:13Z (last step: 4578 msec, total: 4578 msec)
#=#=#=# Syncrun finished 2018-02-07T11:07:14Z (last step: 1402 msec, total: 5980 msec)
#=#=#=# Syncrun started 2018-02-07T11:09:48Z
#=#=#=#=# Propagation starts 2018-02-07T11:09:53Z (last step: 5148 msec, total: 5148 msec)
#=#=#=# Syncrun finished 2018-02-07T11:09:55Z (last step: 1397 msec, total: 6546 msec)
#=#=#=# Syncrun started 2018-02-07T11:24:44Z
#=#=#=#=# Propagation starts 2018-02-07T11:25:05Z (last step: 21006 msec, total: 21006 msec)
#=#=#=# Syncrun finished 2018-02-07T11:25:06Z (last step: 1403 msec, total: 22409 msec)
#=#=#=# Syncrun started 2018-02-07T11:29:04Z
#=#=#=#=# Propagation starts 2018-02-07T11:29:17Z (last step: 12902 msec, total: 12902 msec)
#=#=#=# Syncrun finished 2018-02-07T11:29:18Z (last step: 1395 msec, total: 14298 msec)
#=#=#=# Syncrun started 2018-02-07T11:52:36Z
#=#=#=#=# Propagation starts 2018-02-07T11:52:41Z (last step: 5311 msec, total: 5311 msec)
#=#=#=# Syncrun finished 2018-02-07T11:52:43Z (last step: 1466 msec, total: 6778 msec)
#=#=#=# Syncrun started 2018-02-07T12:16:39Z
#=#=#=#=# Propagation starts 2018-02-07T12:16:52Z (last step: 13717 msec, total: 13717 msec)
#=#=#=# Syncrun finished 2018-02-07T12:16:54Z (last step: 1875 msec, total: 15593 msec)
#=#=#=# Syncrun started 2018-02-07T12:22:56Z
#=#=#=#=# Propagation starts 2018-02-07T12:23:03Z (last step: 7632 msec, total: 7632 msec)
#=#=#=# Syncrun finished 2018-02-07T12:23:05Z (last step: 1384 msec, total: 9017 msec)
#=#=#=# Syncrun started 2018-02-07T12:53:53Z
#=#=#=#=# Propagation starts 2018-02-07T12:54:02Z (last step: 8210 msec, total: 8210 msec)
#=#=#=# Syncrun finished 2018-02-07T12:54:03Z (last step: 1383 msec, total: 9593 msec)
#=#=#=# Syncrun started 2018-02-07T12:55:21Z
#=#=#=#=# Propagation starts 2018-02-07T12:55:29Z (last step: 7632 msec, total: 7632 msec)
#=#=#=# Syncrun finished 2018-02-07T12:55:30Z (last step: 1392 msec, total: 9025 msec)
#=#=#=# Syncrun started 2018-02-07T13:17:53Z
#=#=#=#=# Propagation starts 2018-02-07T13:18:02Z (last step: 8197 msec, total: 8197 msec)
#=#=#=# Syncrun finished 2018-02-07T13:18:03Z (last step: 1559 msec, total: 9756 msec)
#=#=#=# Syncrun started 2018-02-07T13:18:21Z
#=#=#=#=# Propagation starts 2018-02-07T13:18:49Z (last step: 28213 msec, total: 28213 msec)
13:18:52||actions/car_assign_actions.js|INST_NEW|Up|1518009499|0a989ba5307182b5bd9aa0027261ef0e|210|00704666ocg0oijmmfm5|4||201|0|0||||
13:18:53||actions/index.js|INST_SYNC|Up|1518009499|dd178b29fe4a004674d556f97e8b0d15|116|00637671ocg0oijmmfm5|4||204|33|1517762041||||
13:18:55||actions/car_assign_filter_actions.js|INST_NEW|Up|1518009499|982fdf0627fd66bc9b7a0372b63ebc1f|230|00704669ocg0oijmmfm5|4||201|0|0||||
13:18:56||actions/types.js|INST_SYNC|Up|1518009499|9ce2dad7072a4d2104a163eb1b25e917|366|00637672ocg0oijmmfm5|4||204|170|1517847694||||
13:18:57||constants/index.js|INST_SYNC|Up|1518009499|ef382c92cb8e7cb07c1d469f31f72fb4|472|00637679ocg0oijmmfm5|4||204|230|1517922635||||
13:18:59||php_reference_only/api/car-assignment-filter.php|INST_NEW|Up|1518009499|bdb514e1a6a3c8b13907668385ff2d23|412|00704673ocg0oijmmfm5|4||201|0|0||||
13:18:59||php_reference_only/api/car-assignment.php|INST_NEW|Up|1518009499|258fc6842bd882e0f1d751cc70ecd191|1486|00704674ocg0oijmmfm5|4||201|0|0||||
13:19:01||php_reference_only/api/connect.php|INST_SYNC|Up|1518009499|5d53dfa0e42de8cf4be07727795ef05f|695|00704607ocg0oijmmfm5|4||204|643|1517935950||||
13:19:02||php_reference_only/api/login.php|INST_SYNC|Up|1518009499|3149621d958fa2f391f434c6696e9474|692|00704606ocg0oijmmfm5|4||204|667|1517936275||||
13:19:03||reducers/car_assign_filter_reducer.js|INST_NEW|Up|1518009499|acbed3b149d60356bccce69c56748b23|513|00704679ocg0oijmmfm5|4||201|0|0||||
13:19:04||reducers/car_assign_reducer.js|INST_NEW|Up|1518009499|c55aa4bc84fc30006bead2a6a606e143|405|00704680ocg0oijmmfm5|4||201|0|0||||
||reducers/user_reducer.js|INST_SYNC|Up|1518009499|02c1cd4c5fafa8dcb0994c0503457c2f|683|00639981ocg0oijmmfm5|1|Connection timed out|0|887|1517847799||||
||screens/CarScreen.js|INST_SYNC|Up|1518009499|662b542a7ecd62b202f8782f8384f0f1|2267|00639982ocg0oijmmfm5|3|Connection timed out|0|537|1517931021||||
||screens/HomeScreen.js|INST_SYNC|Up|1518009499|d6ad1a78cd7061dc20e5c86525f07c62|3311|00639983ocg0oijmmfm5|3|Connection timed out|0|784|1517922635||||
||screens/LoginScreen.js|INST_SYNC|Up|1518009499|f976cdbcc75349c87c0367a267423464|2432|00639987ocg0oijmmfm5|3|Connection timed out|0|2426|1517922635||||
||screens/MainScreen.js|INST_REMOVE|Up|1517846884|21f77c0823722bb0caca284bdc320bb8|330|00639984ocg0oijmmfm5|3|Connection timed out|0|0|0||||
13:19:05||reducers/index.js|INST_SYNC|Up|1518009499|a546b3d5591106f684cb075e70470338|268|00639979ocg0oijmmfm5|4||204|128|1517758836||||
#=#=#=# Syncrun finished 2018-02-07T13:19:05Z (last step: 15542 msec, total: 43756 msec)
#=#=#=# Syncrun started 2018-02-07T13:19:16Z
#=#=#=#=# Propagation starts 2018-02-07T13:19:30Z (last step: 14115 msec, total: 14115 msec)
||reducers/user_reducer.js|INST_SYNC|Up|1518009499|02c1cd4c5fafa8dcb0994c0503457c2f|683|00639981ocg0oijmmfm5|1|Connection timed out|0|887|1517847799||||
||screens/CarScreen.js|INST_SYNC|Up|1518009499|662b542a7ecd62b202f8782f8384f0f1|2267|00639982ocg0oijmmfm5|3|Connection timed out|0|537|1517931021||||
||screens/HomeScreen.js|INST_SYNC|Up|1518009499|d6ad1a78cd7061dc20e5c86525f07c62|3311|00639983ocg0oijmmfm5|3|Connection timed out|0|784|1517922635||||
||screens/LoginScreen.js|INST_SYNC|Up|1518009499|f976cdbcc75349c87c0367a267423464|2432|00639987ocg0oijmmfm5|3|Connection timed out|0|2426|1517922635||||
||screens/MainScreen.js|INST_REMOVE|Up|1517846884|21f77c0823722bb0caca284bdc320bb8|330|00639984ocg0oijmmfm5|3|Operation canceled|0|0|0||||
||screens/Profile.js|INST_REMOVE|Up|1517670536|a6f3c45a449591f18dfe3f2a5d479d3c|840|00639985ocg0oijmmfm5|3|Operation canceled|0|0|0||||
#=#=#=# Syncrun finished 2018-02-07T13:19:31Z (last step: 1334 msec, total: 15449 msec)
#=#=#=# Syncrun started 2018-02-07T13:19:38Z
#=#=#=#=# Propagation starts 2018-02-07T13:19:47Z (last step: 9304 msec, total: 9304 msec)
13:19:50||screens/ProfileScreen.js|INST_REMOVE|Up|1517845286|302a5daf27c571a44d694da4ec951cd6|508|00639986ocg0oijmmfm5|4||204|0|0||||
13:19:50||screens/ScrollView.js|INST_REMOVE|Up|1517845289|610f0950210d653a89ff306991435740|1389|00639988ocg0oijmmfm5|4||204|0|0||||
13:19:51||reducers/user_reducer.js|INST_SYNC|Up|1518009499|0536a337dee59308c4ccdf40c5b212e9|683|00639981ocg0oijmmfm5|4||204|887|1517847799||||
13:19:51||screens/CarScreen.js|INST_SYNC|Up|1518009499|b6563c973a22be6163573cb46ad8060c|2267|00639982ocg0oijmmfm5|4||204|537|1517931021||||
13:19:53||screens/HomeScreen.js|INST_SYNC|Up|1518009499|54b782c81ea71ee673fe2e31130cad79|3311|00639983ocg0oijmmfm5|4||204|784|1517922635||||
13:19:53||screens/LoginScreen.js|INST_SYNC|Up|1518009499|5387b55c76109caae11c56a432f8b1a6|2432|00639987ocg0oijmmfm5|4||204|2426|1517922635||||
13:19:54||App.js|INST_SYNC|Up|1518009499|bc42c28e8b4d10e64d9e788c420b4eda|1746|00639978ocg0oijmmfm5|4||204|921|1517922635||||
13:19:55||package.json|INST_SYNC|Up|1518009499|62747830dfbbbe1dbcdc20008fe42364|580|00639990ocg0oijmmfm5|4||204|536|1517929372||||
13:19:55||package-lock.json|INST_SYNC|Up|1518009499|ce515441b3f607c3fafb65c2222ad176|205976|00639993ocg0oijmmfm5|4||204|199530|1517929373||||
#=#=#=# Syncrun finished 2018-02-07T13:20:01Z (last step: 13853 msec, total: 23157 msec)
#=#=#=# Syncrun started 2018-02-07T13:20:38Z
#=#=#=#=# Propagation starts 2018-02-07T13:20:47Z (last step: 9413 msec, total: 9413 msec)
13:20:50||node_modules/axios|INST_NEW|Up|1518009629||4096|00704690ocg0oijmmfm5|4||201|0|0||||
13:20:51||node_modules/follow-redirects|INST_NEW|Up|1518009628||4096|00704691ocg0oijmmfm5|4||201|0|0||||
13:20:56||node_modules/react-native/local-cli/wrong-react-native.js|INST_SYNC|Up|1518009629|b4148ba6cf682b936dfd2b7291a6cb2f|1294|00699017ocg0oijmmfm5|4||204|1294|1517929370||||
13:20:57||node_modules/react-native/package.json|INST_SYNC|Up|1518009628|008789c35ee8eb337e568bd1fe3b0e20|8766|00699139ocg0oijmmfm5|4||204|8766|1517929358||||
13:20:58||node_modules/react-native-svg/package.json|INST_SYNC|Up|1518009628|46be04ae6d976f5f0d27fce084599efb|2196|00703471ocg0oijmmfm5|4||204|2196|1517929362||||
13:20:59||node_modules/websql/package.json|INST_SYNC|Up|1518009628|2e6537b8458d1af1e7a74cf38c8b1306|3394|00669894ocg0oijmmfm5|4||204|3394|1517929359||||
13:21:01||node_modules/axios/dist|INST_NEW|Up|1518009612||0|00704699ocg0oijmmfm5|4||201|0|0||||
13:21:01||node_modules/axios/lib|INST_NEW|Up|1518009612||4096|00704700ocg0oijmmfm5|4||201|0|0||||
13:21:03||node_modules/axios/CHANGELOG.md|INST_NEW|Up|1510442587|c58a69aadab277f175fc9a03a133d0fa|13309|00704701ocg0oijmmfm5|4||201|0|0||||
13:21:03||node_modules/axios/LICENSE|INST_NEW|Up|1506657496|027ee9a70b66bdec609438a2ef08fd3b|1058|00704702ocg0oijmmfm5|4||201|0|0||||
13:21:05||node_modules/axios/README.md|INST_NEW|Up|1508607734|62f78eeb331c4eaf4306dac93557a0ca|19115|00704703ocg0oijmmfm5|4||201|0|0||||
13:21:06||node_modules/axios/UPGRADE_GUIDE.md|INST_NEW|Up|1506657936|f4ee03b11312d6a404eb58b47bacbecf|4812|00704704ocg0oijmmfm5|4||201|0|0||||
13:21:07||node_modules/axios/dist/axios.js|INST_NEW|Up|1510442656|bcdfbdeba9976f90057ad045ee654c29|42666|00704705ocg0oijmmfm5|4||201|0|0||||
13:21:08||node_modules/axios/dist/axios.map|INST_NEW|Up|1510442654|382c917cc0c2e36a101558c613c469a5|52852|00704706ocg0oijmmfm5|4||201|0|0||||
13:21:09||node_modules/axios/dist/axios.min.js|INST_NEW|Up|1510442656|0dee4f21b7a5d3d68a23e6117767a0bb|12979|00704707ocg0oijmmfm5|4||201|0|0||||
13:21:09||node_modules/axios/dist/axios.min.map|INST_NEW|Up|1510442654|f321813ec48cf11b995a09b6c61a8c9c|106904|00704708ocg0oijmmfm5|4||201|0|0||||
13:21:10||node_modules/axios/lib/adapters|INST_NEW|Up|1518009612||0|00704709ocg0oijmmfm5|4||201|0|0||||
13:21:11||node_modules/axios/lib/cancel|INST_NEW|Up|1518009612||0|00704710ocg0oijmmfm5|4||201|0|0||||
13:21:12||node_modules/axios/lib/core|INST_NEW|Up|1518009612||4096|00704711ocg0oijmmfm5|4||201|0|0||||
13:21:12||node_modules/axios/lib/helpers|INST_NEW|Up|1518009612||4096|00704712ocg0oijmmfm5|4||201|0|0||||
13:21:13||node_modules/axios/lib/axios.js|INST_NEW|Up|1506657496|cca40d47b879b6d66dd55b984035eb8a|1368|00704713ocg0oijmmfm5|4||201|0|0||||
13:21:14||node_modules/axios/lib/defaults.js|INST_NEW|Up|1506657496|fa1dd74fad28fd6def2ed559fcec6155|2316|00704714ocg0oijmmfm5|4||201|0|0||||
13:21:14||node_modules/axios/lib/adapters/README.md|INST_NEW|Up|1506657496|2ba0e556f4c521b3fbdd289a59dc78bf|915|00704715ocg0oijmmfm5|4||201|0|0||||
13:21:15||node_modules/axios/lib/adapters/http.js|INST_NEW|Up|1510441506|420d9ce03d14606b3aa93d09c68e3c6e|7096|00704716ocg0oijmmfm5|4||201|0|0||||
13:21:16||node_modules/axios/lib/adapters/xhr.js|INST_NEW|Up|1510441560|ab6e874ec23dc35b2cd255e42200ec3e|6170|00704717ocg0oijmmfm5|4||201|0|0||||
13:21:17||node_modules/axios/lib/cancel/Cancel.js|INST_NEW|Up|1506657496|764cf4d616ab5f4a9664e031c5592081|385|00704718ocg0oijmmfm5|4||201|0|0||||
13:21:17||node_modules/axios/lib/cancel/CancelToken.js|INST_NEW|Up|1506657496|1e002acd21ce3166055872b6376d0a66|1240|00704719ocg0oijmmfm5|4||201|0|0||||
13:21:18||node_modules/axios/lib/cancel/isCancel.js|INST_NEW|Up|1506657496|81e8b7af9518b811ec4f40cc4bd7de20|102|00704720ocg0oijmmfm5|4||201|0|0||||
13:21:19||node_modules/axios/lib/core/Axios.js|INST_NEW|Up|1506657496|db8e407c040c6f40acd4fc14dc25b4b4|2189|00704721ocg0oijmmfm5|4||201|0|0||||
13:21:20||node_modules/axios/lib/core/InterceptorManager.js|INST_NEW|Up|1506657496|4018023f6f58fe7f0def34f50fbf85b2|1251|00704722ocg0oijmmfm5|4||201|0|0||||
13:21:21||node_modules/axios/lib/core/README.md|INST_NEW|Up|1506657496|c26d311188f9d9ed581789c371e01eba|336|00704723ocg0oijmmfm5|4||201|0|0||||
13:21:22||node_modules/axios/lib/core/createError.js|INST_NEW|Up|1506657496|bc19650c590d97c3028a71557a3de213|625|00704724ocg0oijmmfm5|4||201|0|0||||
13:21:23||node_modules/axios/lib/core/dispatchRequest.js|INST_NEW|Up|1506657496|2b02261e7be97a8a9943da3123b32368|2199|00704725ocg0oijmmfm5|4||201|0|0||||
13:21:23||node_modules/axios/lib/core/enhanceError.js|INST_NEW|Up|1506657496|21a714c29a3e1ee055eb2663f9e7c65d|592|00704726ocg0oijmmfm5|4||201|0|0||||
13:21:24||node_modules/axios/lib/core/settle.js|INST_NEW|Up|1506657496|8311414524c23dd34ffaff1332191209|757|00704727ocg0oijmmfm5|4||201|0|0||||
13:21:25||node_modules/axios/lib/core/transformData.js|INST_NEW|Up|1506657496|62d6da9c5eb739ef6a547390df66d124|550|00704728ocg0oijmmfm5|4||201|0|0||||
13:21:26||node_modules/axios/lib/helpers/README.md|INST_NEW|Up|1506657496|18b7ce54e69c1c8ad31ab9d3a852cfa6|351|00704729ocg0oijmmfm5|4||201|0|0||||
13:21:27||node_modules/axios/lib/helpers/bind.js|INST_NEW|Up|1506657496|7e0960c57b4315a41f69eb7a7587d3cb|256|00704730ocg0oijmmfm5|4||201|0|0||||
||node_modules/axios/lib/helpers/buildURL.js|INST_NEW|Up|1506657496||1576||1|Connection timed out|0|0|0||||
||node_modules/axios/lib/helpers/combineURLs.js|INST_NEW|Up|1506657496||380||3|Connection timed out|0|0|0||||
||node_modules/axios/lib/helpers/cookies.js|INST_NEW|Up|1506657496||1365||3|Connection timed out|0|0|0||||
||node_modules/axios/lib/helpers/deprecatedMethod.js|INST_NEW|Up|1506657496||727||3|Connection timed out|0|0|0||||
||node_modules/axios/lib/helpers/isAbsoluteURL.js|INST_NEW|Up|1506657496||563||3|Connection timed out|0|0|0||||
13:21:28||node_modules/axios/lib/helpers/btoa.js|INST_NEW|Up|1506657496|169268bb3394c4349edf001261fb048e|986|00704731ocg0oijmmfm5|4||201|0|0||||
#=#=#=# Syncrun finished 2018-02-07T13:21:32Z (last step: 44911 msec, total: 54325 msec)
#=#=#=# Syncrun started 2018-02-07T13:22:48Z
#=#=#=#=# Propagation starts 2018-02-07T13:23:29Z (last step: 41040 msec, total: 41040 msec)
13:23:32||node_modules/axios/index.d.ts|INST_NEW|Up|1510441506|f0ba05a9be776d1fb1c2aadf85bb0784|3375|00704732ocg0oijmmfm5|4||201|0|0||||
13:23:32||node_modules/axios/lib/helpers/buildURL.js|INST_NEW|Up|1506657496|53b13d3508c071c6110f140286aab702|1576|00704733ocg0oijmmfm5|4||201|0|0||||
13:23:33||node_modules/axios/lib/helpers/combineURLs.js|INST_NEW|Up|1506657496|6ee9412e487da8f7da23461259589e3d|380|00704734ocg0oijmmfm5|4||201|0|0||||
13:23:33||node_modules/axios/index.js|INST_NEW|Up|1506657496|69efcf2a0aff9139c9f727eba3ce497a|40|00704735ocg0oijmmfm5|4||201|0|0||||
13:23:34||node_modules/axios/lib/helpers/cookies.js|INST_NEW|Up|1506657496|0650ea27c5a442a119a888774d0e4eae|1365|00704736ocg0oijmmfm5|4||201|0|0||||
13:23:35||node_modules/axios/lib/helpers/deprecatedMethod.js|INST_NEW|Up|1506657496|c8619f5700b30282ec1c7b829ce44196|727|00704737ocg0oijmmfm5|4||201|0|0||||
13:23:35||node_modules/axios/lib/helpers/isAbsoluteURL.js|INST_NEW|Up|1506657496|ba70b0c43500572b28aefc77fb0088a6|563|00704738ocg0oijmmfm5|4||201|0|0||||
13:23:35||node_modules/axios/lib/helpers/normalizeHeaderName.js|INST_NEW|Up|1506657496|f75fe00199562bf6769e3271f3699e9f|357|00704740ocg0oijmmfm5|4||201|0|0||||
13:23:36||node_modules/axios/lib/helpers/parseHeaders.js|INST_NEW|Up|1506657496|5e02b0aca238424cb9cca88fd50f86e3|1393|00704741ocg0oijmmfm5|4||201|0|0||||
13:23:35||node_modules/axios/lib/helpers/isURLSameOrigin.js|INST_NEW|Up|1506657496|4b51231932fe0d1f9a8729869e43efb0|2245|00704739ocg0oijmmfm5|4||201|0|0||||
13:23:37||node_modules/axios/lib/helpers/spread.js|INST_NEW|Up|1506657496|3dc660fa177f3839f86d46dab5fc9c57|564|00704742ocg0oijmmfm5|4||201|0|0||||
13:23:38||node_modules/follow-redirects/node_modules|INST_NEW|Up|1518009621||0|00704743ocg0oijmmfm5|4||201|0|0||||
13:23:38||node_modules/axios/package.json|INST_NEW|Up|1518009628|b6e3955faf26df4c87af6eadc3e375ac|3143|00704744ocg0oijmmfm5|4||201|0|0||||
13:23:38||node_modules/axios/lib/utils.js|INST_NEW|Up|1510441506|7a30d5e712e513a015169da66ee49f61|7541|00704745ocg0oijmmfm5|4||201|0|0||||
||node_modules/follow-redirects/https.js|INST_NEW|Up|1515433508||38||1|Connection timed out|0|0|0||||
||node_modules/follow-redirects/index.js|INST_NEW|Up|1516754165||8944||3|Connection timed out|0|0|0||||
||node_modules/follow-redirects/node_modules/debug|INST_NEW|Up|1518009628||4096||3|Operation canceled|0|0|0||||
13:23:39||node_modules/follow-redirects/README.md|INST_NEW|Up|1515433508|1fa53431f8464a5f0f75a6826d7e8df8|6655|00704747ocg0oijmmfm5|4||201|0|0||||
13:23:39||node_modules/follow-redirects/LICENSE|INST_NEW|Up|1498072956|63d03be8f1744113c0b73867a5e2baac|1125|00704746ocg0oijmmfm5|4||201|0|0||||
13:23:39||node_modules/follow-redirects/http.js|INST_NEW|Up|1515433508|2da3ecd91246febc24d81be22483d486|37|00704748ocg0oijmmfm5|4||201|0|0||||
#=#=#=# Syncrun finished 2018-02-07T13:23:40Z (last step: 10660 msec, total: 51700 msec)
#=#=#=# Syncrun started 2018-02-07T13:24:25Z
#=#=#=#=# Propagation starts 2018-02-07T13:24:43Z (last step: 17596 msec, total: 17596 msec)
13:24:46||node_modules/follow-redirects/node_modules/debug/src|INST_NEW|Up|1518009612||0|00704750ocg0oijmmfm5|4||201|0|0||||
13:24:46||node_modules/follow-redirects/node_modules/debug/CHANGELOG.md|INST_NEW|Up|1506453203|49faba28e885b393446ad5652b69f4ac|12950|00704751ocg0oijmmfm5|4||201|0|0||||
13:24:47||node_modules/follow-redirects/node_modules/debug/Makefile|INST_NEW|Up|1506087694|a706083def0c2a9844d63f1074f2b29c|1234|00704752ocg0oijmmfm5|4||201|0|0||||
13:24:48||node_modules/follow-redirects/node_modules/debug/karma.conf.js|INST_NEW|Up|1497485783|9ca05c7716029b231e1853b68deb9a3e|1736|00704754ocg0oijmmfm5|4||201|0|0||||
13:24:47||node_modules/follow-redirects/node_modules/debug/README.md|INST_NEW|Up|1506453087|12ed82b114f01a0df52c61885c031233|19827|00704753ocg0oijmmfm5|4||201|0|0||||
13:24:49||node_modules/follow-redirects/node_modules/debug/LICENSE|INST_NEW|Up|1497485783|1102fcc91cf64fdf165c8c850774b86f|1107|00704755ocg0oijmmfm5|4||201|0|0||||
13:24:49||node_modules/follow-redirects/node_modules/debug/src/browser.js|INST_NEW|Up|1506452836|9a6f0a75f449eda27528f5280f535749|5707|00704756ocg0oijmmfm5|4||201|0|0||||
||node_modules/follow-redirects/node_modules/debug/src/node.js|INST_NEW|Up|1506453049||4339||1|Connection timed out|0|0|0||||
||node_modules/follow-redirects/node_modules/debug/node.js|INST_NEW|Up|1497485783||40||3|Connection timed out|0|0|0||||
||node_modules/follow-redirects/node_modules/debug/package.json|INST_NEW|Up|1518009627||2034||3|Connection timed out|0|0|0||||
||node_modules/follow-redirects/https.js|INST_NEW|Up|1515433508||38||3|Connection timed out|0|0|0||||
13:24:51||node_modules/follow-redirects/node_modules/debug/src/debug.js|INST_NEW|Up|1506452836|61aba290b689022eb38cca636095f174|4889|00704757ocg0oijmmfm5|4||201|0|0||||
13:24:51||node_modules/follow-redirects/node_modules/debug/src/index.js|INST_NEW|Up|1506087694|138eec3cd0139304ad8114832475b73e|263|00704758ocg0oijmmfm5|4||201|0|0||||
#=#=#=# Syncrun finished 2018-02-07T13:24:50Z (last step: 7105 msec, total: 24702 msec)
#=#=#=# Syncrun started 2018-02-07T13:26:08Z
#=#=#=#=# Propagation starts 2018-02-07T13:26:29Z (last step: 20803 msec, total: 20803 msec)
13:26:32||node_modules/follow-redirects/node_modules/debug/package.json|INST_NEW|Up|1518009627|6caa84889b01edde7567baf34e146938|2034|00704760ocg0oijmmfm5|4||201|0|0||||
13:26:32||node_modules/follow-redirects/node_modules/debug/node.js|INST_NEW|Up|1497485783|92b4683c1688e8af1fc0ce61ed9ef924|40|00704759ocg0oijmmfm5|4||201|0|0||||
13:26:32||node_modules/follow-redirects/node_modules/debug/src/node.js|INST_NEW|Up|1506453049|cb8750c494521a6d1131fa5e38b62b75|4339|00704761ocg0oijmmfm5|4||201|0|0||||
13:26:33||node_modules/follow-redirects/https.js|INST_NEW|Up|1515433508|51a2dbe3504f2a4beae1efb4f8030650|38|00704762ocg0oijmmfm5|4||201|0|0||||
13:26:33||node_modules/follow-redirects/index.js|INST_NEW|Up|1516754165|274ca0c548c25aefb6d3a3d102a6e9bf|8944|00704763ocg0oijmmfm5|4||201|0|0||||
13:26:33||node_modules/follow-redirects/package.json|INST_NEW|Up|1518009627|8444af5733d60ae1b977b2da41e06a6f|2294|00704764ocg0oijmmfm5|4||201|0|0||||
13:26:35||node_modules/react-native/package.json|INST_SYNC|Up|1518009734|8049a155f8760ff819bfc4228936d19f|8766|00699139ocg0oijmmfm5|4||204|8766|1518009628||||
13:26:35||node_modules/react-native-svg/package.json|INST_SYNC|Up|1518009734|647d40c870271a68aa714ee0673f2c29|2196|00703471ocg0oijmmfm5|4||204|2196|1518009628||||
13:26:35||node_modules/react-native/local-cli/wrong-react-native.js|INST_SYNC|Up|1518009734|ab7fe093e52587e8b689474704bb88a7|1294|00699017ocg0oijmmfm5|4||204|1294|1518009629||||
13:26:36||node_modules/websql/package.json|INST_SYNC|Up|1518009734|2fc208afd34bdcb7de8835561cf68de9|3394|00669894ocg0oijmmfm5|4||204|3394|1518009628||||
13:26:38||package.json|INST_SYNC|Up|1518009738|e4f62258b48e8857c5ab066856951d7d|560|00639990ocg0oijmmfm5|4||204|580|1518009499||||
13:26:38||package-lock.json|INST_SYNC|Up|1518009738|ea17c97b7d9fd78536a8e04fb99db6fb|200478|00639993ocg0oijmmfm5|4||204|205976|1518009499||||
#=#=#=# Syncrun finished 2018-02-07T13:26:40Z (last step: 11591 msec, total: 32394 msec)
#=#=#=# Syncrun started 2018-02-07T13:27:20Z
#=#=#=#=# Propagation starts 2018-02-07T13:27:36Z (last step: 16488 msec, total: 16488 msec)
#=#=#=# Syncrun finished 2018-02-07T13:27:38Z (last step: 1507 msec, total: 17995 msec)
#=#=#=# Syncrun started 2018-02-07T13:29:44Z
#=#=#=#=# Propagation starts 2018-02-07T13:30:06Z (last step: 21384 msec, total: 21384 msec)
#=#=#=# Syncrun finished 2018-02-07T13:30:07Z (last step: 1620 msec, total: 23004 msec)
#=#=#=# Syncrun started 2018-02-07T13:32:07Z
#=#=#=# Syncrun finished 2018-02-07T13:32:39Z (last step: 32141 msec, total: 32141 msec)
#=#=#=# Syncrun started 2018-02-07T13:34:16Z
#=#=#=#=# Propagation starts 2018-02-07T13:34:23Z (last step: 7448 msec, total: 7448 msec)
#=#=#=# Syncrun finished 2018-02-07T13:34:25Z (last step: 1774 msec, total: 9222 msec)
#=#=#=# Syncrun started 2018-02-07T13:36:26Z
#=#=#=# Syncrun finished 2018-02-07T13:36:42Z (last step: 15460 msec, total: 15460 msec)
#=#=#=# Syncrun started 2018-02-07T13:36:53Z
#=#=#=#=# Propagation starts 2018-02-07T13:37:01Z (last step: 8008 msec, total: 8008 msec)
13:37:03||constants/index.js|INST_SYNC|Up|1518010564|4d68be9395490e0466eb6e1f3894adea|470|00637679ocg0oijmmfm5|4||204|472|1518009499||||
#=#=#=# Syncrun finished 2018-02-07T13:37:02Z (last step: 1656 msec, total: 9665 msec)
#=#=#=# Syncrun started 2018-02-07T13:37:07Z
#=#=#=#=# Propagation starts 2018-02-07T13:37:15Z (last step: 8241 msec, total: 8241 msec)
#=#=#=# Syncrun finished 2018-02-07T13:37:17Z (last step: 1495 msec, total: 9736 msec)
#=#=#=# Syncrun started 2018-02-07T13:38:18Z
#=#=#=#=# Propagation starts 2018-02-07T13:38:48Z (last step: 30082 msec, total: 30082 msec)
#=#=#=# Syncrun finished 2018-02-07T13:38:49Z (last step: 1522 msec, total: 31605 msec)
#=#=#=# Syncrun started 2018-02-07T13:46:10Z
#=#=#=# Syncrun finished 2018-02-07T13:46:42Z (last step: 31939 msec, total: 31939 msec)
#=#=#=# Syncrun started 2018-02-07T13:47:14Z
#=#=#=#=# Propagation starts 2018-02-07T13:47:34Z (last step: 20565 msec, total: 20565 msec)
#=#=#=# Syncrun finished 2018-02-07T13:47:36Z (last step: 1494 msec, total: 22060 msec)
#=#=#=# Syncrun started 2018-02-07T13:53:18Z
#=#=#=#=# Propagation starts 2018-02-07T13:53:26Z (last step: 8616 msec, total: 8616 msec)
13:53:29||constants/index.js|INST_SYNC|Up|1518011596|f53d725b0e6b4f18aadb4f0e33b9904a|468|00637679ocg0oijmmfm5|4||204|470|1518010564||||
#=#=#=# Syncrun finished 2018-02-07T13:53:28Z (last step: 1812 msec, total: 10428 msec)
#=#=#=# Syncrun started 2018-02-07T13:55:10Z
#=#=#=#=# Propagation starts 2018-02-07T13:55:19Z (last step: 8654 msec, total: 8654 msec)
13:55:22||constants/index.js|INST_SYNC|Up|1518011705|4ad6e8476820c81b02976bfe4cc58898|468|00637679ocg0oijmmfm5|4||204|468|1518011596||||
#=#=#=# Syncrun finished 2018-02-07T13:55:21Z (last step: 1618 msec, total: 10273 msec)
#=#=#=# Syncrun started 2018-02-07T13:56:19Z
#=#=#=#=# Propagation starts 2018-02-07T13:56:37Z (last step: 17683 msec, total: 17683 msec)
13:56:39||constants/index.js|INST_SYNC|Up|1518011741|fdc5afc743c5830c62c03e61a0af607e|474|00637679ocg0oijmmfm5|4||204|468|1518011705||||
#=#=#=# Syncrun finished 2018-02-07T13:56:39Z (last step: 2588 msec, total: 20272 msec)
#=#=#=# Syncrun started 2018-02-07T13:57:25Z
#=#=#=# Syncrun finished 2018-02-07T13:57:49Z (last step: 23970 msec, total: 23970 msec)
#=#=#=# Syncrun started 2018-02-07T13:58:00Z
#=#=#=#=# Propagation starts 2018-02-07T13:58:09Z (last step: 9001 msec, total: 9001 msec)
#=#=#=# Syncrun finished 2018-02-07T13:58:10Z (last step: 1519 msec, total: 10520 msec)
#=#=#=# Syncrun started 2018-02-07T13:58:15Z
#=#=#=#=# Propagation starts 2018-02-07T13:58:23Z (last step: 7557 msec, total: 7557 msec)
#=#=#=# Syncrun finished 2018-02-07T13:58:24Z (last step: 1534 msec, total: 9092 msec)
#=#=#=# Syncrun started 2018-02-07T14:01:13Z
#=#=#=#=# Propagation starts 2018-02-07T14:01:21Z (last step: 7778 msec, total: 7778 msec)
14:01:23||constants/index.js|INST_SYNC|Up|1518012071|e35fa63a5f35c2e46ccedaade6c3bbaa|476|00637679ocg0oijmmfm5|4||204|474|1518011741||||
#=#=#=# Syncrun finished 2018-02-07T14:01:23Z (last step: 1789 msec, total: 9568 msec)
#=#=#=# Syncrun started 2018-02-07T14:02:09Z
#=#=#=#=# Propagation starts 2018-02-07T14:02:20Z (last step: 11387 msec, total: 11387 msec)
14:02:23||screens/CarScreen.js|INST_SYNC|Up|1518012133|27b38a1e2ab371dee1f8426a7344e3e4|2293|00639982ocg0oijmmfm5|4||204|2267|1518009499||||
#=#=#=# Syncrun finished 2018-02-07T14:02:22Z (last step: 1699 msec, total: 13086 msec)
#=#=#=# Syncrun started 2018-02-07T14:02:28Z
#=#=#=#=# Propagation starts 2018-02-07T14:02:37Z (last step: 9459 msec, total: 9459 msec)
14:02:40||screens/CarScreen.js|INST_SYNC|Up|1518012153|f11b2beea47226c70da58c6de4640e5a|2207|00639982ocg0oijmmfm5|4||204|2293|1518012133||||
#=#=#=# Syncrun finished 2018-02-07T14:02:40Z (last step: 2398 msec, total: 11857 msec)
#=#=#=# Syncrun started 2018-02-07T14:02:59Z
#=#=#=#=# Propagation starts 2018-02-07T14:03:07Z (last step: 8150 msec, total: 8150 msec)
#=#=#=# Syncrun finished 2018-02-07T14:03:08Z (last step: 1596 msec, total: 9746 msec)
#=#=#=# Syncrun started 2018-02-07T14:03:27Z
#=#=#=#=# Propagation starts 2018-02-07T14:03:38Z (last step: 11495 msec, total: 11495 msec)
14:03:41||screens/CarScreen.js|INST_SYNC|Up|1518012198|80e99b8404650f6d06fbe3f19e9e393c|2405|00639982ocg0oijmmfm5|4||204|2207|1518012153||||
#=#=#=# Syncrun finished 2018-02-07T14:03:41Z (last step: 2213 msec, total: 13709 msec)
#=#=#=# Syncrun started 2018-02-07T14:03:47Z
#=#=#=# Syncrun finished 2018-02-07T14:03:59Z (last step: 12490 msec, total: 12490 msec)
#=#=#=# Syncrun started 2018-02-07T14:04:10Z
#=#=#=#=# Propagation starts 2018-02-07T14:04:18Z (last step: 8120 msec, total: 8120 msec)
14:04:21||screens/CarScreen.js|INST_SYNC|Up|1518012219|83e21b29d221da32e00a2ecbc891f9a4|2225|00639982ocg0oijmmfm5|4||204|2405|1518012198||||
#=#=#=# Syncrun finished 2018-02-07T14:04:20Z (last step: 1605 msec, total: 9725 msec)
#=#=#=# Syncrun started 2018-02-07T14:04:25Z
#=#=#=#=# Propagation starts 2018-02-07T14:04:33Z (last step: 8302 msec, total: 8302 msec)
14:04:36||screens/CarScreen.js|INST_SYNC|Up|1518012268|2b9b5f6d263e732050e72c2831f285e4|2229|00639982ocg0oijmmfm5|4||204|2225|1518012219||||
#=#=#=# Syncrun finished 2018-02-07T14:04:35Z (last step: 1718 msec, total: 10021 msec)
#=#=#=# Syncrun started 2018-02-07T14:05:20Z
#=#=#=#=# Propagation starts 2018-02-07T14:05:33Z (last step: 12964 msec, total: 12964 msec)
#=#=#=# Syncrun finished 2018-02-07T14:05:34Z (last step: 1545 msec, total: 14510 msec)
#=#=#=# Syncrun started 2018-02-07T14:05:58Z
#=#=#=#=# Propagation starts 2018-02-07T14:06:06Z (last step: 7986 msec, total: 7986 msec)
||screens/CarScreen.js|INST_SYNC|Up|1518012365|2b9b5f6d263e732050e72c2831f285e4|2148|00639982ocg0oijmmfm5|3|Local file changed during sync.|0|2229|1518012268||||
#=#=#=# Syncrun finished 2018-02-07T14:06:08Z (last step: 1773 msec, total: 9759 msec)
#=#=#=# Syncrun started 2018-02-07T14:06:13Z
#=#=#=#=# Propagation starts 2018-02-07T14:06:24Z (last step: 11346 msec, total: 11346 msec)
14:06:27||screens/CarScreen.js|INST_SYNC|Up|1518012365|ecb7f745718b0d57720f980bf0477fb5|2148|00639982ocg0oijmmfm5|4||204|2229|1518012268||||
#=#=#=# Syncrun finished 2018-02-07T14:06:26Z (last step: 2283 msec, total: 13630 msec)
#=#=#=# Syncrun started 2018-02-07T14:07:03Z
#=#=#=# Syncrun finished 2018-02-07T14:07:27Z (last step: 23621 msec, total: 23621 msec)
#=#=#=# Syncrun started 2018-02-07T14:07:34Z
#=#=#=#=# Propagation starts 2018-02-07T14:07:53Z (last step: 18918 msec, total: 18918 msec)
14:07:56||screens/CarScreen.js|INST_SYNC|Up|1518012458|0f9a52044ba18899474ea001f91bce5d|2219|00639982ocg0oijmmfm5|4||204|2148|1518012365||||
#=#=#=# Syncrun finished 2018-02-07T14:07:55Z (last step: 1934 msec, total: 20853 msec)
#=#=#=# Syncrun started 2018-02-07T14:08:02Z
#=#=#=#=# Propagation starts 2018-02-07T14:08:21Z (last step: 18755 msec, total: 18755 msec)
#=#=#=# Syncrun finished 2018-02-07T14:08:22Z (last step: 1481 msec, total: 20236 msec)
#=#=#=# Syncrun started 2018-02-07T14:08:41Z
#=#=#=#=# Propagation starts 2018-02-07T14:08:52Z (last step: 11511 msec, total: 11511 msec)
14:08:55||screens/CarScreen.js|INST_SYNC|Up|1518012525|fe666daeb39c57af595430ba32440281|2219|00639982ocg0oijmmfm5|4||204|2219|1518012458||||
#=#=#=# Syncrun finished 2018-02-07T14:08:54Z (last step: 1844 msec, total: 13356 msec)
#=#=#=# Syncrun started 2018-02-07T14:09:00Z
#=#=#=#=# Propagation starts 2018-02-07T14:09:19Z (last step: 19476 msec, total: 19476 msec)
14:09:22||screens/HomeScreen.js|INST_SYNC|Up|1518012534|902e8f31c70af0c11367805bffd296da|3311|00639983ocg0oijmmfm5|4||204|3311|1518009499||||
#=#=#=# Syncrun finished 2018-02-07T14:09:22Z (last step: 2728 msec, total: 22204 msec)
#=#=#=# Syncrun started 2018-02-07T14:10:18Z
#=#=#=#=# Propagation starts 2018-02-07T14:11:04Z (last step: 46090 msec, total: 46090 msec)
#=#=#=# Syncrun finished 2018-02-07T14:11:05Z (last step: 1759 msec, total: 47849 msec)
#=#=#=# Syncrun started 2018-02-07T14:12:41Z
#=#=#=#=# Propagation starts 2018-02-07T14:12:49Z (last step: 8299 msec, total: 8299 msec)
14:12:52||screens/CarScreen.js|INST_SYNC|Up|1518012759|350a897d7db7a9977f5fff86b8062a3e|2220|00639982ocg0oijmmfm5|4||204|2219|1518012525||||
#=#=#=# Syncrun finished 2018-02-07T14:12:51Z (last step: 1699 msec, total: 9999 msec)
#=#=#=# Syncrun started 2018-02-07T14:13:48Z
#=#=#=#=# Propagation starts 2018-02-07T14:14:06Z (last step: 17624 msec, total: 17624 msec)
#=#=#=# Syncrun finished 2018-02-07T14:14:07Z (last step: 1576 msec, total: 19200 msec)
#=#=#=# Syncrun started 2018-02-07T14:16:26Z
#=#=#=#=# Propagation starts 2018-02-07T14:16:49Z (last step: 23419 msec, total: 23419 msec)
14:16:52||screens/CarScreen.js|INST_SYNC|Up|1518012986|435b7091def7fe0b159dd53c47bae6d0|2220|00639982ocg0oijmmfm5|4||204|2220|1518012759||||
#=#=#=# Syncrun finished 2018-02-07T14:16:51Z (last step: 1789 msec, total: 25209 msec)
#=#=#=# Syncrun started 2018-02-07T14:16:59Z
#=#=#=#=# Propagation starts 2018-02-07T14:17:09Z (last step: 9883 msec, total: 9883 msec)
14:17:11||screens/CarScreen.js|INST_SYNC|Up|1518013021|e3294b2caa61a69eedac19b855de64d3|2226|00639982ocg0oijmmfm5|4||204|2220|1518012986||||
#=#=#=# Syncrun finished 2018-02-07T14:17:10Z (last step: 1780 msec, total: 11663 msec)
#=#=#=# Syncrun started 2018-02-07T14:17:16Z
#=#=#=#=# Propagation starts 2018-02-07T14:17:31Z (last step: 15391 msec, total: 15391 msec)
#=#=#=# Syncrun finished 2018-02-07T14:17:33Z (last step: 1544 msec, total: 16935 msec)
#=#=#=# Syncrun started 2018-02-07T14:17:51Z
#=#=#=#=# Propagation starts 2018-02-07T14:17:58Z (last step: 7394 msec, total: 7394 msec)
14:18:01||screens/CarScreen.js|INST_SYNC|Up|1518013074|a95446fbc29b558e4cdc66d0d406e8db|2198|00639982ocg0oijmmfm5|4||204|2226|1518013021||||
#=#=#=# Syncrun finished 2018-02-07T14:18:00Z (last step: 1788 msec, total: 9182 msec)
#=#=#=# Syncrun started 2018-02-07T14:18:05Z
#=#=#=#=# Propagation starts 2018-02-07T14:18:14Z (last step: 8465 msec, total: 8465 msec)
#=#=#=# Syncrun finished 2018-02-07T14:18:15Z (last step: 1527 msec, total: 9993 msec)
#=#=#=# Syncrun started 2018-02-07T14:18:35Z
#=#=#=#=# Propagation starts 2018-02-07T14:18:44Z (last step: 8515 msec, total: 8515 msec)
14:18:46||screens/CarScreen.js|INST_SYNC|Up|1518013113|29968f666999a869c38dc87a04b46ef2|2282|00639982ocg0oijmmfm5|4||204|2198|1518013074||||
#=#=#=# Syncrun finished 2018-02-07T14:18:45Z (last step: 1543 msec, total: 10058 msec)
#=#=#=# Syncrun started 2018-02-07T14:19:29Z
#=#=#=#=# Propagation starts 2018-02-07T14:19:37Z (last step: 7932 msec, total: 7932 msec)
#=#=#=# Syncrun finished 2018-02-07T14:19:38Z (last step: 1466 msec, total: 9398 msec)
#=#=#=# Syncrun started 2018-02-07T14:27:26Z
#=#=#=#=# Propagation starts 2018-02-07T14:27:35Z (last step: 8783 msec, total: 8783 msec)
14:27:38||screens/CarScreen.js|INST_SYNC|Up|1518013644|cccf7c10a586da7d0d736eeed45297dd|2335|00639982ocg0oijmmfm5|4||204|2282|1518013113||||
#=#=#=# Syncrun finished 2018-02-07T14:27:37Z (last step: 1951 msec, total: 10735 msec)
#=#=#=# Syncrun started 2018-02-07T14:27:42Z
#=#=#=#=# Propagation starts 2018-02-07T14:27:54Z (last step: 11294 msec, total: 11294 msec)
14:27:56||screens/CarScreen.js|INST_SYNC|Up|1518013672|b8e2c5ce564e92ece3b1ad9c559f2183|2364|00639982ocg0oijmmfm5|4||204|2335|1518013644||||
#=#=#=# Syncrun finished 2018-02-07T14:27:55Z (last step: 1537 msec, total: 12832 msec)
#=#=#=# Syncrun started 2018-02-07T14:28:12Z
#=#=#=#=# Propagation starts 2018-02-07T14:28:21Z (last step: 8407 msec, total: 8407 msec)
14:28:23||screens/CarScreen.js|INST_SYNC|Up|1518013675|34809188f91945197bae745bf4678b67|2364|00639982ocg0oijmmfm5|4||204|2364|1518013672||||
#=#=#=# Syncrun finished 2018-02-07T14:28:22Z (last step: 1662 msec, total: 10069 msec)
#=#=#=# Syncrun started 2018-02-07T14:28:53Z
#=#=#=#=# Propagation starts 2018-02-07T14:29:01Z (last step: 8206 msec, total: 8206 msec)
14:29:04||screens/CarScreen.js|INST_SYNC|Up|1518013735|2b726308fcdbf2b6aa33c4bad939923f|2377|00639982ocg0oijmmfm5|4||204|2364|1518013675||||
#=#=#=# Syncrun finished 2018-02-07T14:29:03Z (last step: 1499 msec, total: 9706 msec)
#=#=#=# Syncrun started 2018-02-07T14:29:08Z
#=#=#=#=# Propagation starts 2018-02-07T14:29:35Z (last step: 27488 msec, total: 27488 msec)
#=#=#=# Syncrun finished 2018-02-07T14:29:36Z (last step: 1467 msec, total: 28956 msec)
#=#=#=# Syncrun started 2018-02-07T14:29:45Z
#=#=#=#=# Propagation starts 2018-02-07T14:29:52Z (last step: 7439 msec, total: 7439 msec)
14:29:55||screens/CarScreen.js|INST_SYNC|Up|1518013771|1cb9e7ee879bbe20fda80fa802750839|2377|00639982ocg0oijmmfm5|4||204|2377|1518013735||||
#=#=#=# Syncrun finished 2018-02-07T14:29:54Z (last step: 1854 msec, total: 9294 msec)
#=#=#=# Syncrun started 2018-02-07T14:30:22Z
#=#=#=#=# Propagation starts 2018-02-07T14:30:40Z (last step: 17684 msec, total: 17684 msec)
||screens/CarScreen.js|INST_SYNC|Up|1518013839|1cb9e7ee879bbe20fda80fa802750839|2301|00639982ocg0oijmmfm5|3|Local file changed during sync.|0|2377|1518013771||||
#=#=#=# Syncrun finished 2018-02-07T14:30:41Z (last step: 1778 msec, total: 19463 msec)
#=#=#=# Syncrun started 2018-02-07T14:31:32Z
#=#=#=#=# Propagation starts 2018-02-07T14:32:06Z (last step: 33776 msec, total: 33776 msec)
14:32:09||screens/CarScreen.js|INST_SYNC|Up|1518013846|ada905308f51b8032831af1518556642|2301|00639982ocg0oijmmfm5|4||204|2377|1518013771||||
#=#=#=# Syncrun finished 2018-02-07T14:32:08Z (last step: 1770 msec, total: 35546 msec)
#=#=#=# Syncrun started 2018-02-07T14:32:49Z
#=#=#=#=# Propagation starts 2018-02-07T14:32:57Z (last step: 8686 msec, total: 8686 msec)
#=#=#=# Syncrun finished 2018-02-07T14:32:59Z (last step: 1692 msec, total: 10379 msec)
#=#=#=# Syncrun started 2018-02-07T14:33:48Z
#=#=#=#=# Propagation starts 2018-02-07T14:33:58Z (last step: 9349 msec, total: 9349 msec)
14:34:00||screens/CarScreen.js|INST_SYNC|Up|1518014026|c57db5d21faeae2dc6da14a3f1e91063|2362|00639982ocg0oijmmfm5|4||204|2301|1518013846||||
#=#=#=# Syncrun finished 2018-02-07T14:34:00Z (last step: 2116 msec, total: 11466 msec)
#=#=#=# Syncrun started 2018-02-07T14:34:33Z
#=#=#=#=# Propagation starts 2018-02-07T14:34:43Z (last step: 9591 msec, total: 9591 msec)
14:34:46||screens/CarScreen.js|INST_SYNC|Up|1518014075|eb481e90178f4aed131892b93ab147a3|2405|00639982ocg0oijmmfm5|4||204|2362|1518014026||||
#=#=#=# Syncrun finished 2018-02-07T14:34:45Z (last step: 1947 msec, total: 11538 msec)
#=#=#=# Syncrun started 2018-02-07T14:34:50Z
#=#=#=#=# Propagation starts 2018-02-07T14:35:06Z (last step: 16127 msec, total: 16127 msec)
#=#=#=# Syncrun finished 2018-02-07T14:35:08Z (last step: 1668 msec, total: 17796 msec)
#=#=#=# Syncrun started 2018-02-07T14:35:49Z
#=#=#=#=# Propagation starts 2018-02-07T14:35:58Z (last step: 8841 msec, total: 8841 msec)
#=#=#=# Syncrun finished 2018-02-07T14:35:59Z (last step: 1721 msec, total: 10563 msec)
#=#=#=# Syncrun started 2018-02-07T14:37:31Z
#=#=#=#=# Propagation starts 2018-02-07T14:37:41Z (last step: 9904 msec, total: 9904 msec)
14:37:44||screens/CarScreen.js|INST_SYNC|Up|1518014249|cb2fca52006d226d62345b740b153e24|2405|00639982ocg0oijmmfm5|4||204|2405|1518014075||||
#=#=#=# Syncrun finished 2018-02-07T14:37:43Z (last step: 1941 msec, total: 11845 msec)
#=#=#=# Syncrun started 2018-02-07T14:38:30Z
#=#=#=#=# Propagation starts 2018-02-07T14:38:38Z (last step: 8611 msec, total: 8611 msec)
14:38:41||screens/CarScreen.js|INST_SYNC|Up|1518014309|c4e0c416839c5822e8fe259ebafc9c30|2533|00639982ocg0oijmmfm5|4||204|2405|1518014249||||
#=#=#=# Syncrun finished 2018-02-07T14:38:40Z (last step: 1642 msec, total: 10253 msec)
#=#=#=# Syncrun started 2018-02-07T14:38:45Z
#=#=#=#=# Propagation starts 2018-02-07T14:38:54Z (last step: 9032 msec, total: 9032 msec)
14:38:57||screens/CarScreen.js|INST_SYNC|Up|1518014326|de819d49fa3e71f45ce3d54d089b755b|2471|00639982ocg0oijmmfm5|4||204|2533|1518014309||||
#=#=#=# Syncrun finished 2018-02-07T14:38:56Z (last step: 1658 msec, total: 10690 msec)
#=#=#=# Syncrun started 2018-02-07T14:39:01Z
#=#=#=#=# Propagation starts 2018-02-07T14:39:11Z (last step: 9843 msec, total: 9843 msec)
14:39:13||screens/CarScreen.js|INST_SYNC|Up|1518014345|6408a72a134d0e41213153d35d5b9dea|2435|00639982ocg0oijmmfm5|4||204|2471|1518014326||||
#=#=#=# Syncrun finished 2018-02-07T14:39:13Z (last step: 2199 msec, total: 12042 msec)
#=#=#=# Syncrun started 2018-02-07T14:39:18Z
#=#=#=#=# Propagation starts 2018-02-07T14:39:39Z (last step: 20556 msec, total: 20556 msec)
#=#=#=# Syncrun finished 2018-02-07T14:39:40Z (last step: 1594 msec, total: 22150 msec)
#=#=#=# Syncrun started 2018-02-07T14:40:19Z
#=#=#=#=# Propagation starts 2018-02-07T14:40:27Z (last step: 7452 msec, total: 7452 msec)
#=#=#=# Syncrun finished 2018-02-07T14:40:28Z (last step: 1566 msec, total: 9019 msec)
#=#=#=# Syncrun started 2018-02-07T14:45:56Z
#=#=#=#=# Propagation starts 2018-02-07T14:46:13Z (last step: 16919 msec, total: 16919 msec)
#=#=#=# Syncrun finished 2018-02-07T14:46:14Z (last step: 1627 msec, total: 18547 msec)
#=#=#=# Syncrun started 2018-02-07T14:49:41Z
#=#=#=#=# Propagation starts 2018-02-07T14:50:00Z (last step: 18973 msec, total: 18973 msec)
14:50:02||screens/CarScreen.js|INST_SYNC|Up|1518014993|62c0b8469b7be51c973fe2330ebae18f|2452|00639982ocg0oijmmfm5|4||204|2435|1518014345||||
#=#=#=# Syncrun finished 2018-02-07T14:50:01Z (last step: 1588 msec, total: 20562 msec)
#=#=#=# Syncrun started 2018-02-07T14:50:08Z
#=#=#=#=# Propagation starts 2018-02-07T14:50:20Z (last step: 11535 msec, total: 11535 msec)
#=#=#=# Syncrun finished 2018-02-07T14:50:21Z (last step: 1651 msec, total: 13187 msec)
#=#=#=# Syncrun started 2018-02-07T14:51:39Z
#=#=#=#=# Propagation starts 2018-02-07T14:51:53Z (last step: 14015 msec, total: 14015 msec)
#=#=#=# Syncrun finished 2018-02-07T14:51:55Z (last step: 1580 msec, total: 15596 msec)
#=#=#=# Syncrun started 2018-02-07T14:57:03Z
#=#=#=#=# Propagation starts 2018-02-07T14:57:21Z (last step: 17818 msec, total: 17818 msec)
14:57:23||screens/CarScreen.js|INST_SYNC|Up|1518015421|dcb09df6ef83e6efbc835df1327c1302|2452|00639982ocg0oijmmfm5|4||204|2452|1518014993||||
#=#=#=# Syncrun finished 2018-02-07T14:57:22Z (last step: 1796 msec, total: 19615 msec)
#=#=#=# Syncrun started 2018-02-07T14:58:19Z
#=#=#=#=# Propagation starts 2018-02-07T14:58:31Z (last step: 11796 msec, total: 11796 msec)
#=#=#=# Syncrun finished 2018-02-07T14:58:32Z (last step: 1626 msec, total: 13422 msec)
#=#=#=# Syncrun started 2018-02-07T15:01:44Z
#=#=#=#=# Propagation starts 2018-02-07T15:01:56Z (last step: 12236 msec, total: 12236 msec)
15:01:59||screens/CarScreen.js|INST_SYNC|Up|1518015702|17fa1be4dce199e50174be3a23eb7193|2462|00639982ocg0oijmmfm5|4||204|2452|1518015421||||
#=#=#=# Syncrun finished 2018-02-07T15:01:58Z (last step: 1754 msec, total: 13991 msec)
#=#=#=# Syncrun started 2018-02-07T15:02:49Z
#=#=#=#=# Propagation starts 2018-02-07T15:03:08Z (last step: 18563 msec, total: 18563 msec)
15:03:10||screens/CarScreen.js|INST_SYNC|Up|1518015769|d9d5b9cadef3bac8abf3f40cef2208be|2462|00639982ocg0oijmmfm5|4||204|2462|1518015702||||
#=#=#=# Syncrun finished 2018-02-07T15:03:10Z (last step: 1970 msec, total: 20534 msec)
#=#=#=# Syncrun started 2018-02-07T15:03:17Z
#=#=#=#=# Propagation starts 2018-02-07T15:03:26Z (last step: 9325 msec, total: 9325 msec)
15:03:29||screens/CarScreen.js|INST_SYNC|Up|1518015789|45bb2a6c110965eda9fc09352f778810|2537|00639982ocg0oijmmfm5|4||204|2462|1518015769||||
#=#=#=# Syncrun finished 2018-02-07T15:03:28Z (last step: 1691 msec, total: 11016 msec)
#=#=#=# Syncrun started 2018-02-07T15:04:23Z
#=#=#=#=# Propagation starts 2018-02-07T15:04:57Z (last step: 33524 msec, total: 33524 msec)
#=#=#=# Syncrun finished 2018-02-07T15:04:59Z (last step: 2504 msec, total: 36029 msec)
#=#=#=# Syncrun started 2018-02-07T15:21:49Z
#=#=#=#=# Propagation starts 2018-02-07T15:21:57Z (last step: 7687 msec, total: 7687 msec)
#=#=#=# Syncrun finished 2018-02-07T15:21:58Z (last step: 1571 msec, total: 9259 msec)
#=#=#=# Syncrun started 2018-02-07T15:26:57Z
#=#=#=#=# Propagation starts 2018-02-07T15:27:10Z (last step: 13425 msec, total: 13425 msec)
15:27:13||screens/CarScreen.js|INST_SYNC|Up|1518017215|4228f0330d76859d9dbcd0080db57aff|2535|00639982ocg0oijmmfm5|4||204|2537|1518015789||||
#=#=#=# Syncrun finished 2018-02-07T15:27:13Z (last step: 2694 msec, total: 16119 msec)
#=#=#=# Syncrun started 2018-02-07T15:27:31Z
#=#=#=#=# Propagation starts 2018-02-07T15:27:40Z (last step: 8550 msec, total: 8550 msec)
15:27:42||screens/CarScreen.js|INST_SYNC|Up|1518017249|a2c6a5941ce3b718b268f47dcd0b35bc|2429|00639982ocg0oijmmfm5|4||204|2535|1518017215||||
#=#=#=# Syncrun finished 2018-02-07T15:27:41Z (last step: 1600 msec, total: 10151 msec)
#=#=#=# Syncrun started 2018-02-07T15:27:58Z
#=#=#=#=# Propagation starts 2018-02-07T15:28:07Z (last step: 8669 msec, total: 8669 msec)
15:28:09||screens/CarScreen.js|INST_SYNC|Up|1518017276|24c4c3ca40945467bb5d1841da031f47|2451|00639982ocg0oijmmfm5|4||204|2429|1518017249||||
#=#=#=# Syncrun finished 2018-02-07T15:28:13Z (last step: 5894 msec, total: 14563 msec)
#=#=#=# Syncrun started 2018-02-07T15:29:07Z
#=#=#=#=# Propagation starts 2018-02-07T15:29:15Z (last step: 7902 msec, total: 7902 msec)
15:29:18||screens/CarScreen.js|INST_SYNC|Up|1518017345|6404c377ad185b85b91b709708f4c5ca|2544|00639982ocg0oijmmfm5|4||204|2451|1518017276||||
#=#=#=# Syncrun finished 2018-02-07T15:29:21Z (last step: 6113 msec, total: 14015 msec)
#=#=#=# Syncrun started 2018-02-07T15:29:27Z
#=#=#=#=# Propagation starts 2018-02-07T15:29:39Z (last step: 11713 msec, total: 11713 msec)
15:29:41||screens/CarScreen.js|INST_SYNC|Up|1518017372|760a234b1db2c4da704e278a8904ba84|2543|00639982ocg0oijmmfm5|4||204|2544|1518017345||||
#=#=#=# Syncrun finished 2018-02-07T15:29:43Z (last step: 4391 msec, total: 16105 msec)
#=#=#=# Syncrun started 2018-02-07T15:30:06Z
#=#=#=#=# Propagation starts 2018-02-07T15:30:16Z (last step: 9929 msec, total: 9929 msec)
15:30:19||screens/CarScreen.js|INST_SYNC|Up|1518017412|19c4d7f50bdd75f320f109bea245108b|2550|00639982ocg0oijmmfm5|4||204|2543|1518017372||||
#=#=#=# Syncrun finished 2018-02-07T15:30:20Z (last step: 3378 msec, total: 13308 msec)
#=#=#=# Syncrun started 2018-02-07T15:30:38Z
#=#=#=#=# Propagation starts 2018-02-07T15:30:47Z (last step: 8425 msec, total: 8425 msec)
15:30:50||screens/CarScreen.js|INST_SYNC|Up|1518017420|d6c265314ce306bc148a0be00a67bcb2|2548|00639982ocg0oijmmfm5|4||204|2550|1518017412||||
#=#=#=# Syncrun finished 2018-02-07T15:30:51Z (last step: 4434 msec, total: 12860 msec)
#=#=#=# Syncrun started 2018-02-07T15:31:49Z
#=#=#=#=# Propagation starts 2018-02-07T15:31:58Z (last step: 8252 msec, total: 8252 msec)
15:32:00||screens/CarScreen.js|INST_SYNC|Up|1518017451|28e1206ad05b908a51265deb79bb41af|2590|00639982ocg0oijmmfm5|4||204|2548|1518017420||||
#=#=#=# Syncrun finished 2018-02-07T15:32:03Z (last step: 5260 msec, total: 13513 msec)
#=#=#=# Syncrun started 2018-02-07T15:32:59Z
#=#=#=#=# Propagation starts 2018-02-07T15:33:08Z (last step: 9011 msec, total: 9011 msec)
15:33:11||screens/CarScreen.js|INST_SYNC|Up|1518017584|7fe182bdfb364581c4fd4b8addbaebb0|2670|00639982ocg0oijmmfm5|4||204|2590|1518017451||||
#=#=#=# Syncrun finished 2018-02-07T15:33:14Z (last step: 6034 msec, total: 15046 msec)
#=#=#=# Syncrun started 2018-02-07T15:33:21Z
#=#=#=# Syncrun finished 2018-02-07T15:33:52Z (last step: 31872 msec, total: 31872 msec)
#=#=#=# Syncrun started 2018-02-07T15:34:55Z
#=#=#=# Syncrun finished 2018-02-07T15:35:24Z (last step: 29398 msec, total: 29398 msec)
#=#=#=# Syncrun started 2018-02-07T15:35:42Z
#=#=#=#=# Propagation starts 2018-02-07T15:35:53Z (last step: 11462 msec, total: 11462 msec)
#=#=#=# Syncrun finished 2018-02-07T15:35:55Z (last step: 1623 msec, total: 13085 msec)
#=#=#=# Syncrun started 2018-02-07T15:36:01Z
#=#=#=#=# Propagation starts 2018-02-07T15:36:08Z (last step: 7445 msec, total: 7445 msec)
#=#=#=# Syncrun finished 2018-02-07T15:36:10Z (last step: 1728 msec, total: 9174 msec)
#=#=#=# Syncrun started 2018-02-07T15:36:18Z
#=#=#=#=# Propagation starts 2018-02-07T15:36:51Z (last step: 32954 msec, total: 32954 msec)
15:36:54||screens/HomeScreen.js|INST_SYNC|Up|1518017805|cbdddf3d7e7b279ad3317201204616dd|3311|00639983ocg0oijmmfm5|4||204|3311|1518012534||||
#=#=#=# Syncrun finished 2018-02-07T15:36:55Z (last step: 3406 msec, total: 36360 msec)
#=#=#=# Syncrun started 2018-02-07T15:37:04Z
#=#=#=#=# Propagation starts 2018-02-07T15:37:13Z (last step: 8457 msec, total: 8457 msec)
15:37:15||screens/CarScreen.js|INST_SYNC|Up|1518017823|a629274acd1c86517e76e0f48201de59|2742|00639982ocg0oijmmfm5|4||204|2670|1518017584||||
#=#=#=# Syncrun finished 2018-02-07T15:37:15Z (last step: 2601 msec, total: 11058 msec)
#=#=#=# Syncrun started 2018-02-07T15:37:21Z
#=#=#=#=# Propagation starts 2018-02-07T15:37:39Z (last step: 18323 msec, total: 18323 msec)
15:37:42||screens/CarScreen.js|INST_SYNC|Up|1518017843|380e406f4e6c783a8c773234370f384f|2772|00639982ocg0oijmmfm5|4||204|2742|1518017823||||
#=#=#=# Syncrun finished 2018-02-07T15:37:45Z (last step: 6195 msec, total: 24519 msec)
#=#=#=# Syncrun started 2018-02-07T15:38:08Z
#=#=#=#=# Propagation starts 2018-02-07T15:38:26Z (last step: 17619 msec, total: 17619 msec)
15:38:29||screens/CarScreen.js|INST_SYNC|Up|1518017894|a4098da1a4c28bc86af227558bb18b76|2735|00639982ocg0oijmmfm5|4||204|2772|1518017843||||
#=#=#=# Syncrun finished 2018-02-07T15:38:30Z (last step: 4352 msec, total: 21972 msec)
#=#=#=# Syncrun started 2018-02-07T15:39:17Z
#=#=#=#=# Propagation starts 2018-02-07T15:39:24Z (last step: 7701 msec, total: 7701 msec)
15:39:27||screens/CarScreen.js|INST_SYNC|Up|1518017943|5cffa87b1aad62ea5c450aeb1e78cbb0|2751|00639982ocg0oijmmfm5|4||204|2735|1518017894||||
#=#=#=# Syncrun finished 2018-02-07T15:39:27Z (last step: 2038 msec, total: 9739 msec)
#=#=#=# Syncrun started 2018-02-07T15:40:10Z
#=#=#=#=# Propagation starts 2018-02-07T15:40:19Z (last step: 9495 msec, total: 9495 msec)
15:40:22||screens/CarScreen.js|INST_SYNC|Up|1518018010|d18c2f8b2b713d5d136e65b02fa9cf20|2744|00639982ocg0oijmmfm5|4||204|2751|1518017943||||
15:40:23||screens/HomeScreen.js|INST_SYNC|Up|1518018008|3564b307e69bf8111faff1fc5adf1826|3369|00639983ocg0oijmmfm5|4||204|3311|1518017805||||
#=#=#=# Syncrun finished 2018-02-07T15:40:23Z (last step: 3569 msec, total: 13064 msec)
#=#=#=# Syncrun started 2018-02-07T15:40:29Z
#=#=#=#=# Propagation starts 2018-02-07T15:40:37Z (last step: 8589 msec, total: 8589 msec)
#=#=#=# Syncrun finished 2018-02-07T15:40:39Z (last step: 1542 msec, total: 10131 msec)
#=#=#=# Syncrun started 2018-02-07T15:40:44Z
#=#=#=#=# Propagation starts 2018-02-07T15:40:52Z (last step: 8146 msec, total: 8146 msec)
15:40:55||screens/CarScreen.js|INST_SYNC|Up|1518018038|e6ecd909932f742f7043f55f06fc1d11|2679|00639982ocg0oijmmfm5|4||204|2744|1518018010||||
#=#=#=# Syncrun finished 2018-02-07T15:40:54Z (last step: 2284 msec, total: 10431 msec)
#=#=#=# Syncrun started 2018-02-07T15:41:35Z
#=#=#=#=# Propagation starts 2018-02-07T15:42:06Z (last step: 30712 msec, total: 30712 msec)
15:42:08||screens/CarScreen.js|INST_SYNC|Up|1518018092|752fe580ff2e50f69d50cd0a14c30fe7|2473|00639982ocg0oijmmfm5|4||204|2679|1518018038||||
#=#=#=# Syncrun finished 2018-02-07T15:42:08Z (last step: 2044 msec, total: 32757 msec)
#=#=#=# Syncrun started 2018-02-07T15:42:54Z
#=#=#=#=# Propagation starts 2018-02-07T15:43:02Z (last step: 8493 msec, total: 8493 msec)
#=#=#=# Syncrun finished 2018-02-07T15:43:04Z (last step: 1530 msec, total: 10024 msec)
#=#=#=# Syncrun started 2018-02-07T15:43:29Z
#=#=#=#=# Propagation starts 2018-02-07T15:43:37Z (last step: 7608 msec, total: 7608 msec)
15:43:40||screens/CarScreen.js|INST_SYNC|Up|1518018213|153b559d48bc49492b09944544ab9d82|2477|00639982ocg0oijmmfm5|4||204|2473|1518018092||||
#=#=#=# Syncrun finished 2018-02-07T15:43:39Z (last step: 1929 msec, total: 9537 msec)
#=#=#=# Syncrun started 2018-02-07T15:43:44Z
#=#=#=#=# Propagation starts 2018-02-07T15:43:54Z (last step: 9839 msec, total: 9839 msec)
15:43:56||screens/CarScreen.js|INST_SYNC|Up|1518018231|58c5326ee3b5f0936ae6c5161df35cfa|2477|00639982ocg0oijmmfm5|4||204|2477|1518018213||||
#=#=#=# Syncrun finished 2018-02-07T15:43:55Z (last step: 1616 msec, total: 11455 msec)
#=#=#=# Syncrun started 2018-02-07T15:44:01Z
#=#=#=# Syncrun finished 2018-02-07T15:44:30Z (last step: 29539 msec, total: 29539 msec)
#=#=#=# Syncrun started 2018-02-07T15:45:40Z
#=#=#=#=# Propagation starts 2018-02-07T15:46:18Z (last step: 38164 msec, total: 38164 msec)
15:46:21||screens/CarScreen.js|INST_SYNC|Up|1518018271|0fbd11cefa72780fd738952b64e34c07|2496|00639982ocg0oijmmfm5|4||204|2477|1518018231||||
15:46:22||screens/HomeScreen.js|INST_SYNC|Up|1518018302|bbc388c6f5ee51d3eb69094c99f854a8|3367|00639983ocg0oijmmfm5|4||204|3369|1518018008||||
#=#=#=# Syncrun finished 2018-02-07T15:46:21Z (last step: 2334 msec, total: 40498 msec)
#=#=#=# Syncrun started 2018-02-07T15:47:31Z
#=#=#=#=# Propagation starts 2018-02-07T15:47:39Z (last step: 8333 msec, total: 8333 msec)
#=#=#=# Syncrun finished 2018-02-07T15:47:40Z (last step: 1490 msec, total: 9824 msec)
#=#=#=# Syncrun started 2018-02-07T15:48:26Z
#=#=#=#=# Propagation starts 2018-02-07T15:48:34Z (last step: 7784 msec, total: 7784 msec)
15:48:37||screens/HomeScreen.js|INST_SYNC|Up|1518018504|ee2b90172385ce4f0f2accd0e71c6bab|3294|00639983ocg0oijmmfm5|4||204|3367|1518018302||||
#=#=#=# Syncrun finished 2018-02-07T15:48:39Z (last step: 4642 msec, total: 12427 msec)
#=#=#=# Syncrun started 2018-02-07T15:49:24Z
#=#=#=#=# Propagation starts 2018-02-07T15:49:33Z (last step: 8624 msec, total: 8624 msec)
#=#=#=# Syncrun finished 2018-02-07T15:49:34Z (last step: 1496 msec, total: 10121 msec)
#=#=#=# Syncrun started 2018-02-07T15:52:35Z
#=#=#=#=# Propagation starts 2018-02-07T15:52:45Z (last step: 9446 msec, total: 9446 msec)
||reducers/car_assign_reducer.js|INST_SYNC|Up|1518018764|c55aa4bc84fc30006bead2a6a606e143|543|00704680ocg0oijmmfm5|3|Local file changed during sync.|0|405|1518009499||||
#=#=#=# Syncrun finished 2018-02-07T15:52:47Z (last step: 2023 msec, total: 11470 msec)
#=#=#=# Syncrun started 2018-02-07T15:52:52Z
#=#=#=#=# Propagation starts 2018-02-07T15:53:00Z (last step: 7653 msec, total: 7653 msec)
15:53:02||reducers/car_assign_reducer.js|INST_SYNC|Up|1518018764|d8714534485f33026518a076b748bb88|543|00704680ocg0oijmmfm5|4||204|405|1518009499||||
#=#=#=# Syncrun finished 2018-02-07T15:53:01Z (last step: 1587 msec, total: 9241 msec)
#=#=#=# Syncrun started 2018-02-07T15:53:15Z
#=#=#=#=# Propagation starts 2018-02-07T15:53:23Z (last step: 8031 msec, total: 8031 msec)
15:53:26||screens/HomeScreen.js|INST_SYNC|Up|1518018793|6b0e0d3ee01900235d04bad820dafbc7|3299|00639983ocg0oijmmfm5|4||204|3294|1518018504||||
#=#=#=# Syncrun finished 2018-02-07T15:53:25Z (last step: 1991 msec, total: 10023 msec)
#=#=#=# Syncrun started 2018-02-07T15:54:25Z
#=#=#=#=# Propagation starts 2018-02-07T15:54:33Z (last step: 8675 msec, total: 8675 msec)
#=#=#=# Syncrun finished 2018-02-07T15:54:35Z (last step: 1547 msec, total: 10223 msec)
#=#=#=# Syncrun started 2018-02-07T15:54:43Z
#=#=#=#=# Propagation starts 2018-02-07T15:54:50Z (last step: 7770 msec, total: 7770 msec)
15:54:53||reducers/car_assign_reducer.js|INST_SYNC|Up|1518018881|b30b3b129ace550e47bee2903024fe3f|569|00704680ocg0oijmmfm5|4||204|543|1518018764||||
#=#=#=# Syncrun finished 2018-02-07T15:54:52Z (last step: 1886 msec, total: 9656 msec)
#=#=#=# Syncrun started 2018-02-07T15:55:51Z
#=#=#=#=# Propagation starts 2018-02-07T15:56:00Z (last step: 8966 msec, total: 8966 msec)
15:56:02||reducers/car_assign_reducer.js|INST_SYNC|Up|1518018938|60091116649ca0fd1c3ae1992b78936e|598|00704680ocg0oijmmfm5|4||204|569|1518018881||||
#=#=#=# Syncrun finished 2018-02-07T15:56:01Z (last step: 1626 msec, total: 10592 msec)
#=#=#=# Syncrun started 2018-02-07T15:56:19Z
#=#=#=#=# Propagation starts 2018-02-07T15:56:32Z (last step: 13177 msec, total: 13177 msec)
15:56:35||reducers/car_assign_reducer.js|INST_SYNC|Up|1518018977|3b0630e97a585dcc3f0e501c939e12bf|725|00704680ocg0oijmmfm5|4||204|598|1518018938||||
#=#=#=# Syncrun finished 2018-02-07T15:56:34Z (last step: 1618 msec, total: 14795 msec)
#=#=#=# Syncrun started 2018-02-07T15:56:52Z
#=#=#=#=# Propagation starts 2018-02-07T15:57:18Z (last step: 26558 msec, total: 26558 msec)
15:57:21||actions/types.js|INST_SYNC|Up|1518019000|4841b30a51f979d11199a9a5c98c272e|431|00637672ocg0oijmmfm5|4||204|366|1518009499||||
#=#=#=# Syncrun finished 2018-02-07T15:57:20Z (last step: 1639 msec, total: 28197 msec)
#=#=#=# Syncrun started 2018-02-07T15:57:39Z
#=#=#=#=# Propagation starts 2018-02-07T15:57:48Z (last step: 8832 msec, total: 8832 msec)
15:57:51||actions/car_assign_actions.js|INST_SYNC|Up|1518019034|474ddde66c1698b17e75ee316aba0f67|329|00704666ocg0oijmmfm5|4||204|210|1518009499||||
#=#=#=# Syncrun finished 2018-02-07T15:57:50Z (last step: 1526 msec, total: 10358 msec)
#=#=#=# Syncrun started 2018-02-07T15:58:20Z
#=#=#=#=# Propagation starts 2018-02-07T15:58:29Z (last step: 8951 msec, total: 8951 msec)
15:58:31||screens/CarScreen.js|INST_SYNC|Up|1518019101|99c1f47a6ed91edd463bb669e75e45fe|2483|00639982ocg0oijmmfm5|4||204|2496|1518018271||||
15:58:33||screens/HomeScreen.js|INST_SYNC|Up|1518019090|22fd4115edf362167a8dfe9742c0b92b|3289|00639983ocg0oijmmfm5|4||204|3299|1518018793||||
#=#=#=# Syncrun finished 2018-02-07T15:58:32Z (last step: 3785 msec, total: 12736 msec)
#=#=#=# Syncrun started 2018-02-07T15:58:38Z
#=#=#=#=# Propagation starts 2018-02-07T15:58:46Z (last step: 8410 msec, total: 8410 msec)
#=#=#=# Syncrun finished 2018-02-07T15:58:48Z (last step: 1635 msec, total: 10046 msec)
#=#=#=# Syncrun started 2018-02-07T15:59:33Z
#=#=#=#=# Propagation starts 2018-02-07T16:00:05Z (last step: 32001 msec, total: 32001 msec)
#=#=#=# Syncrun finished 2018-02-07T16:00:06Z (last step: 1558 msec, total: 33559 msec)
#=#=#=# Syncrun started 2018-02-07T16:00:16Z
#=#=#=#=# Propagation starts 2018-02-07T16:00:24Z (last step: 8352 msec, total: 8352 msec)
16:00:27||screens/CarScreen.js|INST_SYNC|Up|1518019217|1077dd10846a36f767709c2fc9642f06|2429|00639982ocg0oijmmfm5|4||204|2483|1518019101||||
16:00:29||screens/HomeScreen.js|INST_SYNC|Up|1518019214|05123fa3d16c5f6ee46bffa7efa1c27e|3328|00639983ocg0oijmmfm5|4||204|3289|1518019090||||
#=#=#=# Syncrun finished 2018-02-07T16:00:27Z (last step: 3194 msec, total: 11547 msec)
#=#=#=# Syncrun started 2018-02-07T16:00:33Z
#=#=#=#=# Propagation starts 2018-02-07T16:00:42Z (last step: 9081 msec, total: 9081 msec)
16:00:44||screens/CarScreen.js|INST_SYNC|Up|1518019236|9c960903576b2974588e37611bdf6679|2445|00639982ocg0oijmmfm5|4||204|2429|1518019217||||
#=#=#=# Syncrun finished 2018-02-07T16:00:43Z (last step: 1607 msec, total: 10689 msec)
#=#=#=# Syncrun started 2018-02-07T16:00:48Z
#=#=#=#=# Propagation starts 2018-02-07T16:00:57Z (last step: 8514 msec, total: 8514 msec)
#=#=#=# Syncrun finished 2018-02-07T16:00:59Z (last step: 1797 msec, total: 10311 msec)
#=#=#=# Syncrun started 2018-02-07T16:01:51Z
#=#=#=#=# Propagation starts 2018-02-07T16:02:00Z (last step: 8544 msec, total: 8544 msec)
#=#=#=# Syncrun finished 2018-02-07T16:02:02Z (last step: 1581 msec, total: 10126 msec)
#=#=#=# Syncrun started 2018-02-07T16:02:27Z
#=#=#=#=# Propagation starts 2018-02-07T16:02:35Z (last step: 8053 msec, total: 8053 msec)
16:02:38||screens/CarScreen.js|INST_SYNC|Up|1518019345|52a206c406a036eeeea92d4acb339549|2402|00639982ocg0oijmmfm5|4||204|2445|1518019236||||
#=#=#=# Syncrun finished 2018-02-07T16:02:37Z (last step: 1581 msec, total: 9634 msec)
#=#=#=# Syncrun started 2018-02-07T16:03:06Z
#=#=#=#=# Propagation starts 2018-02-07T16:03:14Z (last step: 8569 msec, total: 8569 msec)
16:03:17||screens/HomeScreen.js|INST_SYNC|Up|1518019376|b5499fedd59ff7ffb8245321a3b64636|3352|00639983ocg0oijmmfm5|4||204|3328|1518019214||||
#=#=#=# Syncrun finished 2018-02-07T16:03:16Z (last step: 1482 msec, total: 10051 msec)
#=#=#=# Syncrun started 2018-02-07T16:04:03Z
#=#=#=#=# Propagation starts 2018-02-07T16:04:11Z (last step: 8213 msec, total: 8213 msec)
16:04:14||screens/HomeScreen.js|INST_SYNC|Up|1518019446|92af4484f3beb24be4ceb35a90baf266|3396|00639983ocg0oijmmfm5|4||204|3352|1518019376||||
#=#=#=# Syncrun finished 2018-02-07T16:04:13Z (last step: 1531 msec, total: 9745 msec)
#=#=#=# Syncrun started 2018-02-07T16:04:18Z
#=#=#=#=# Propagation starts 2018-02-07T16:04:27Z (last step: 8721 msec, total: 8721 msec)
#=#=#=# Syncrun finished 2018-02-07T16:04:28Z (last step: 1555 msec, total: 10276 msec)
#=#=#=# Syncrun started 2018-02-07T16:04:33Z
#=#=#=#=# Propagation starts 2018-02-07T16:04:41Z (last step: 7832 msec, total: 7832 msec)
16:04:44||screens/HomeScreen.js|INST_SYNC|Up|1518019465|b3e8ab8fb08069af21962f51bfee10a9|3396|00639983ocg0oijmmfm5|4||204|3396|1518019446||||
#=#=#=# Syncrun finished 2018-02-07T16:04:43Z (last step: 1735 msec, total: 9567 msec)
#=#=#=# Syncrun started 2018-02-07T16:05:11Z
#=#=#=#=# Propagation starts 2018-02-07T16:05:20Z (last step: 9195 msec, total: 9195 msec)
16:05:22||screens/CarScreen.js|INST_SYNC|Up|1518019509|a4f017684589f0129036ba3f70f8ac59|2265|00639982ocg0oijmmfm5|4||204|2402|1518019345||||
#=#=#=# Syncrun finished 2018-02-07T16:05:21Z (last step: 1532 msec, total: 10728 msec)
#=#=#=# Syncrun started 2018-02-07T16:06:09Z
#=#=#=#=# Propagation starts 2018-02-07T16:06:21Z (last step: 12606 msec, total: 12606 msec)
16:06:24||screens/LoginScreen.js|INST_SYNC|Up|1518019567|67e79b22fc8e19b7b95c921bbe149921|2450|00639987ocg0oijmmfm5|4||204|2432|1518009499||||
#=#=#=# Syncrun finished 2018-02-07T16:06:23Z (last step: 1547 msec, total: 14153 msec)
#=#=#=# Syncrun started 2018-02-07T16:07:02Z
#=#=#=#=# Propagation starts 2018-02-07T16:07:11Z (last step: 8756 msec, total: 8755 msec)
16:07:14||reducers/user_reducer.js|INST_SYNC|Up|1518019617|2482b64c685610af90fb8f14a838344b|724|00639981ocg0oijmmfm5|4||204|683|1518009499||||
#=#=#=# Syncrun finished 2018-02-07T16:07:13Z (last step: 1617 msec, total: 10373 msec)
#=#=#=# Syncrun started 2018-02-07T16:08:03Z
#=#=#=#=# Propagation starts 2018-02-07T16:08:11Z (last step: 8421 msec, total: 8421 msec)
#=#=#=# Syncrun finished 2018-02-07T16:08:13Z (last step: 1531 msec, total: 9952 msec)
#=#=#=# Syncrun started 2018-02-07T16:08:46Z
#=#=#=#=# Propagation starts 2018-02-07T16:08:54Z (last step: 7580 msec, total: 7580 msec)
16:08:56||screens/LoginScreen.js|INST_SYNC|Up|1518019724|65292aa2d9bf0d6509e39d03cdab410b|2376|00639987ocg0oijmmfm5|4||204|2450|1518019567||||
#=#=#=# Syncrun finished 2018-02-07T16:08:55Z (last step: 1594 msec, total: 9175 msec)
#=#=#=# Syncrun started 2018-02-07T16:09:00Z
#=#=#=#=# Propagation starts 2018-02-07T16:09:23Z (last step: 22853 msec, total: 22853 msec)
16:09:26||screens/LoginScreen.js|INST_SYNC|Up|1518019735|732c15834db4b50a80543976fba41a47|2372|00639987ocg0oijmmfm5|4||204|2376|1518019724||||
#=#=#=# Syncrun finished 2018-02-07T16:09:25Z (last step: 1524 msec, total: 24378 msec)
#=#=#=# Syncrun started 2018-02-07T16:09:55Z
#=#=#=#=# Propagation starts 2018-02-07T16:10:14Z (last step: 18838 msec, total: 18838 msec)
||screens/LoginScreen.js|INST_SYNC|Up|1518019813|732c15834db4b50a80543976fba41a47|2216|00639987ocg0oijmmfm5|3|Local file changed during sync.|0|2372|1518019735||||
#=#=#=# Syncrun finished 2018-02-07T16:10:16Z (last step: 1667 msec, total: 20506 msec)
#=#=#=# Syncrun started 2018-02-07T16:10:35Z
#=#=#=# Syncrun finished 2018-02-07T16:10:44Z (last step: 8435 msec, total: 8435 msec)
#=#=#=# Syncrun started 2018-02-07T16:11:14Z
#=#=#=#=# Propagation starts 2018-02-07T16:11:32Z (last step: 17414 msec, total: 17414 msec)
16:11:34||php_reference_only/api/login.php|INST_SYNC|Up|1518019809|14387110010eaaf6553edccf7cc3420a|695|00704606ocg0oijmmfm5|4||204|692|1518009499||||
16:11:35||screens/LoginScreen.js|INST_SYNC|Up|1518019835|d458fb362713151624fcddac238aaa75|2210|00639987ocg0oijmmfm5|4||204|2372|1518019735||||
#=#=#=# Syncrun finished 2018-02-07T16:11:35Z (last step: 3498 msec, total: 20912 msec)
#=#=#=# Syncrun started 2018-02-07T16:11:42Z
#=#=#=#=# Propagation starts 2018-02-07T16:12:06Z (last step: 23530 msec, total: 23530 msec)
#=#=#=# Syncrun finished 2018-02-07T16:12:08Z (last step: 1712 msec, total: 25242 msec)
#=#=#=# Syncrun started 2018-02-07T16:13:37Z
#=#=#=#=# Propagation starts 2018-02-07T16:13:44Z (last step: 7183 msec, total: 7183 msec)
#=#=#=# Syncrun finished 2018-02-07T16:13:47Z (last step: 2509 msec, total: 9692 msec)
#=#=#=# Syncrun started 2018-02-07T16:14:01Z
#=#=#=#=# Propagation starts 2018-02-07T16:14:09Z (last step: 7843 msec, total: 7843 msec)
16:14:11||screens/HomeScreen.js|INST_SYNC|Up|1518020026|c2f9d52bf26b9cbe6051b99ee8b0739f|3408|00639983ocg0oijmmfm5|4||204|3396|1518019465||||
16:14:13||screens/LoginScreen.js|INST_SYNC|Up|1518020024|d36158876c26ec46fed8aa92508a595d|2210|00639987ocg0oijmmfm5|4||204|2210|1518019835||||
#=#=#=# Syncrun finished 2018-02-07T16:14:11Z (last step: 2458 msec, total: 10301 msec)
#=#=#=# Syncrun started 2018-02-07T16:14:38Z
#=#=#=#=# Propagation starts 2018-02-07T16:14:47Z (last step: 9009 msec, total: 9009 msec)
16:14:50||screens/LoginScreen.js|INST_SYNC|Up|1518020076|531876a64356ecd8172bc1c22ba0e9a0|2213|00639987ocg0oijmmfm5|4||204|2210|1518020024||||
#=#=#=# Syncrun finished 2018-02-07T16:14:49Z (last step: 1912 msec, total: 10922 msec)
#=#=#=# Syncrun started 2018-02-07T16:14:54Z
#=#=#=#=# Propagation starts 2018-02-07T16:15:24Z (last step: 29448 msec, total: 29448 msec)
16:15:26||screens/LoginScreen.js|INST_SYNC|Up|1518020111|cd5f93e7d19c386fe261084815f624d5|2247|00639987ocg0oijmmfm5|4||204|2213|1518020076||||
#=#=#=# Syncrun finished 2018-02-07T16:15:25Z (last step: 1602 msec, total: 31050 msec)
#=#=#=# Syncrun started 2018-02-07T16:15:34Z
#=#=#=#=# Propagation starts 2018-02-07T16:15:42Z (last step: 8356 msec, total: 8356 msec)
#=#=#=# Syncrun finished 2018-02-07T16:15:44Z (last step: 1500 msec, total: 9857 msec)
#=#=#=# Syncrun started 2018-02-07T16:16:46Z
#=#=#=#=# Propagation starts 2018-02-07T16:16:54Z (last step: 8130 msec, total: 8130 msec)
16:16:56||php_reference_only/api/login.php|INST_SYNC|Up|1518020202|9327340ddc1a30420248243d7461be44|692|00704606ocg0oijmmfm5|4||204|695|1518019809||||
16:16:57||screens/LoginScreen.js|INST_SYNC|Up|1518020203|99175b6d1ae2e3e4c7aaf240e860d56b|2240|00639987ocg0oijmmfm5|4||204|2247|1518020111||||
#=#=#=# Syncrun finished 2018-02-07T16:16:56Z (last step: 2422 msec, total: 10553 msec)
#=#=#=# Syncrun started 2018-02-07T16:17:39Z
#=#=#=# Syncrun finished 2018-02-07T16:17:49Z (last step: 10145 msec, total: 10145 msec)
#=#=#=# Syncrun started 2018-02-07T16:18:04Z
#=#=#=#=# Propagation starts 2018-02-07T16:18:20Z (last step: 15435 msec, total: 15435 msec)
16:18:22||screens/LoginScreen.js|INST_SYNC|Up|1518020237|8d2267ce33c4c4ea099f36ead2cea27e|2253|00639987ocg0oijmmfm5|4||204|2240|1518020203||||
#=#=#=# Syncrun finished 2018-02-07T16:18:22Z (last step: 1885 msec, total: 17321 msec)
#=#=#=# Syncrun started 2018-02-07T16:18:28Z
#=#=#=#=# Propagation starts 2018-02-07T16:18:37Z (last step: 8890 msec, total: 8890 msec)
#=#=#=# Syncrun finished 2018-02-07T16:18:39Z (last step: 1571 msec, total: 10461 msec)
#=#=#=# Syncrun started 2018-02-07T16:18:44Z
#=#=#=#=# Propagation starts 2018-02-07T16:19:01Z (last step: 16838 msec, total: 16838 msec)
16:19:03||screens/LoginScreen.js|INST_SYNC|Up|1518020319|7eb5d6b64e87953d864ea75481632dcb|2255|00639987ocg0oijmmfm5|4||204|2253|1518020237||||
#=#=#=# Syncrun finished 2018-02-07T16:19:03Z (last step: 1832 msec, total: 18671 msec)
#=#=#=# Syncrun started 2018-02-07T16:19:30Z
#=#=#=#=# Propagation starts 2018-02-07T16:19:48Z (last step: 17589 msec, total: 17589 msec)
16:19:51||screens/LoginScreen.js|INST_SYNC|Up|1518020383|4f2f2f1a9b7918e10b6c98510d38665d|2218|00639987ocg0oijmmfm5|4||204|2255|1518020319||||
#=#=#=# Syncrun finished 2018-02-07T16:19:50Z (last step: 1651 msec, total: 19240 msec)
#=#=#=# Syncrun started 2018-02-07T16:20:11Z
#=#=#=#=# Propagation starts 2018-02-07T16:20:30Z (last step: 19408 msec, total: 19408 msec)
16:20:33||php_reference_only/api/login.php|INST_SYNC|Up|1518020384|0f8b19b9b36eaca8c07854ec87b56c18|695|00704606ocg0oijmmfm5|4||204|692|1518020202||||
#=#=#=# Syncrun finished 2018-02-07T16:20:32Z (last step: 1620 msec, total: 21028 msec)
#=#=#=# Syncrun started 2018-02-07T16:21:17Z
#=#=#=#=# Propagation starts 2018-02-07T16:21:26Z (last step: 8452 msec, total: 8452 msec)
16:21:28||constants/index.js|INST_SYNC|Up|1518020444|382709e2356a3dec0a7090f0dd6031c1|382|00637679ocg0oijmmfm5|4||204|476|1518012071||||
16:21:29||php_reference_only/api/login.php|INST_SYNC|Up|1518020463|cd1731e8b260efd877913ce061a6dc66|692|00704606ocg0oijmmfm5|4||204|695|1518020384||||
16:21:31||screens/LoginScreen.js|INST_SYNC|Up|1518020462|773f4d2ff3bca9833cf8a1e38bbe06e1|2217|00639987ocg0oijmmfm5|4||204|2218|1518020383||||
#=#=#=# Syncrun finished 2018-02-07T16:21:29Z (last step: 3371 msec, total: 11824 msec)
#=#=#=# Syncrun started 2018-02-07T16:22:06Z
#=#=#=# Syncrun finished 2018-02-07T16:22:25Z (last step: 19380 msec, total: 19380 msec)
#=#=#=# Syncrun started 2018-02-07T16:23:34Z
#=#=#=#=# Propagation starts 2018-02-07T16:23:46Z (last step: 11860 msec, total: 11860 msec)
16:23:48||php_reference_only/api/login.php|INST_SYNC|Up|1518020523|7a0f12ddc6d8830709b6ef431deb7ee0|695|00704606ocg0oijmmfm5|4||204|692|1518020463||||
16:23:49||screens/LoginScreen.js|INST_SYNC|Up|1518020624|2f6f95f57b06eabe4598ebf41a1d6b95|2200|00639987ocg0oijmmfm5|4||204|2217|1518020462||||
#=#=#=# Syncrun finished 2018-02-07T16:23:49Z (last step: 3189 msec, total: 15049 msec)
#=#=#=# Syncrun started 2018-02-07T16:23:55Z
#=#=#=# Syncrun finished 2018-02-07T16:24:06Z (last step: 10751 msec, total: 10751 msec)
#=#=#=# Syncrun started 2018-02-07T16:24:18Z
#=#=#=#=# Propagation starts 2018-02-07T16:24:27Z (last step: 9315 msec, total: 9315 msec)
#=#=#=# Syncrun finished 2018-02-07T16:24:29Z (last step: 2015 msec, total: 11330 msec)
#=#=#=# Syncrun started 2018-02-07T16:24:48Z
#=#=#=#=# Propagation starts 2018-02-07T16:24:58Z (last step: 9779 msec, total: 9779 msec)
#=#=#=# Syncrun finished 2018-02-07T16:24:59Z (last step: 1537 msec, total: 11316 msec)
#=#=#=# Syncrun started 2018-02-07T16:25:38Z
#=#=#=#=# Propagation starts 2018-02-07T16:25:45Z (last step: 7564 msec, total: 7564 msec)
16:25:48||screens/LoginScreen.js|INST_SYNC|Up|1518020736|ad5d1f73081d608e0cfacb099a00c182|2340|00639987ocg0oijmmfm5|4||204|2200|1518020624||||
#=#=#=# Syncrun finished 2018-02-07T16:25:47Z (last step: 1659 msec, total: 9223 msec)
#=#=#=# Syncrun started 2018-02-07T16:26:11Z
#=#=#=#=# Propagation starts 2018-02-07T16:26:23Z (last step: 11868 msec, total: 11868 msec)
16:26:26||screens/LoginScreen.js|INST_SYNC|Up|1518020769|91e99f761b5563c49e0f223acec3cb2a|2233|00639987ocg0oijmmfm5|4||204|2340|1518020736||||
#=#=#=# Syncrun finished 2018-02-07T16:26:25Z (last step: 1659 msec, total: 13528 msec)
#=#=#=# Syncrun started 2018-02-07T16:26:41Z
#=#=#=#=# Propagation starts 2018-02-07T16:26:49Z (last step: 7766 msec, total: 7766 msec)
16:26:52||constants/index.js|INST_SYNC|Up|1518020787|11937a1664bb1c7c384ca1e0449cd039|518|00637679ocg0oijmmfm5|4||204|382|1518020444||||
#=#=#=# Syncrun finished 2018-02-07T16:26:51Z (last step: 1537 msec, total: 9303 msec)
#=#=#=# Syncrun started 2018-02-07T16:27:36Z
#=#=#=#=# Propagation starts 2018-02-07T16:27:45Z (last step: 8984 msec, total: 8984 msec)
16:27:48||screens/LoginScreen.js|INST_SYNC|Up|1518020850|9ac6bc0df79fbbe93bcb9721a68dda48|2204|00639987ocg0oijmmfm5|4||204|2233|1518020769||||
#=#=#=# Syncrun finished 2018-02-07T16:27:47Z (last step: 1555 msec, total: 10540 msec)
#=#=#=# Syncrun started 2018-02-07T16:28:15Z
#=#=#=#=# Propagation starts 2018-02-07T16:28:27Z (last step: 11693 msec, total: 11693 msec)
16:28:29||screens/LoginScreen.js|INST_SYNC|Up|1518020883|702b45971f5000b04f03a200c14f5144|2230|00639987ocg0oijmmfm5|4||204|2204|1518020850||||
#=#=#=# Syncrun finished 2018-02-07T16:28:28Z (last step: 1549 msec, total: 13243 msec)
#=#=#=# Syncrun started 2018-02-07T16:28:55Z
#=#=#=#=# Propagation starts 2018-02-07T16:29:08Z (last step: 12295 msec, total: 12295 msec)
16:29:10||php_reference_only/api/login.php|INST_SYNC|Up|1518020931|eed34299120fa85c49f742ce82dd8ccc|719|00704606ocg0oijmmfm5|4||204|695|1518020523||||
#=#=#=# Syncrun finished 2018-02-07T16:29:10Z (last step: 2427 msec, total: 14722 msec)
#=#=#=# Syncrun started 2018-02-07T16:29:27Z
#=#=#=#=# Propagation starts 2018-02-07T16:29:35Z (last step: 8632 msec, total: 8632 msec)
16:29:38||php_reference_only/api/login.php|INST_SYNC|Up|1518020964|b0281b9953668b5d51cd080e2e5355fe|695|00704606ocg0oijmmfm5|4||204|719|1518020931||||
#=#=#=# Syncrun finished 2018-02-07T16:29:37Z (last step: 1651 msec, total: 10283 msec)
#=#=#=# Syncrun started 2018-02-07T16:30:04Z
#=#=#=#=# Propagation starts 2018-02-07T16:30:14Z (last step: 9793 msec, total: 9793 msec)
16:30:17||php_reference_only/api/login.php|INST_SYNC|Up|1518020997|70fd53a89b6e289df55ae7720e4bb246|723|00704606ocg0oijmmfm5|4||204|695|1518020964||||
#=#=#=# Syncrun finished 2018-02-07T16:30:16Z (last step: 2063 msec, total: 11856 msec)
#=#=#=# Syncrun started 2018-02-07T16:31:05Z
#=#=#=#=# Propagation starts 2018-02-07T16:31:14Z (last step: 8993 msec, total: 8993 msec)
16:31:16||php_reference_only/api/login.php|INST_SYNC|Up|1518021068|2e0b39cb63a208fe07dae9e6489e1368|738|00704606ocg0oijmmfm5|4||204|723|1518020997||||
#=#=#=# Syncrun finished 2018-02-07T16:31:16Z (last step: 2557 msec, total: 11551 msec)
#=#=#=# Syncrun started 2018-02-07T16:31:22Z
#=#=#=#=# Propagation starts 2018-02-07T16:31:40Z (last step: 18354 msec, total: 18354 msec)
#=#=#=# Syncrun finished 2018-02-07T16:31:42Z (last step: 1739 msec, total: 20093 msec)
#=#=#=# Syncrun started 2018-02-07T16:31:49Z
#=#=#=#=# Propagation starts 2018-02-07T16:31:57Z (last step: 7832 msec, total: 7832 msec)
16:31:59||php_reference_only/api/login.php|INST_SYNC|Up|1518021101|3d3c01938ab3d97e60cccb54ce9fc463|761|00704606ocg0oijmmfm5|4||204|738|1518021068||||
#=#=#=# Syncrun finished 2018-02-07T16:31:59Z (last step: 2101 msec, total: 9934 msec)
#=#=#=# Syncrun started 2018-02-07T16:32:45Z
#=#=#=#=# Propagation starts 2018-02-07T16:32:54Z (last step: 9353 msec, total: 9353 msec)
16:32:56||php_reference_only/api/login.php|INST_SYNC|Up|1518021162|022777c046ffa5bcffe0796180b2f8c9|768|00704606ocg0oijmmfm5|4||204|761|1518021101||||
#=#=#=# Syncrun finished 2018-02-07T16:32:56Z (last step: 2005 msec, total: 11359 msec)
#=#=#=# Syncrun started 2018-02-07T16:33:03Z
#=#=#=#=# Propagation starts 2018-02-07T16:33:16Z (last step: 13022 msec, total: 13022 msec)
16:33:18||php_reference_only/api/login.php|INST_SYNC|Up|1518021181|b5b1f737b49b720162a26052bb772960|771|00704606ocg0oijmmfm5|4||204|768|1518021162||||
#=#=#=# Syncrun finished 2018-02-07T16:33:18Z (last step: 2007 msec, total: 15029 msec)
#=#=#=# Syncrun started 2018-02-07T16:33:51Z
#=#=#=#=# Propagation starts 2018-02-07T16:34:00Z (last step: 9405 msec, total: 9405 msec)
16:34:03||php_reference_only/api/login.php|INST_SYNC|Up|1518021229|f1473bcc0ca9dbe9ca515d1a30b4d3b2|735|00704606ocg0oijmmfm5|4||204|771|1518021181||||
#=#=#=# Syncrun finished 2018-02-07T16:34:02Z (last step: 1793 msec, total: 11198 msec)
#=#=#=# Syncrun started 2018-02-07T16:34:15Z
#=#=#=#=# Propagation starts 2018-02-07T16:34:25Z (last step: 9880 msec, total: 9880 msec)
16:34:27||php_reference_only/api/login.php|INST_SYNC|Up|1518021253|cf6a55f1e6ba0931ea5d9ab65dfc5d5e|713|00704606ocg0oijmmfm5|4||204|735|1518021229||||
#=#=#=# Syncrun finished 2018-02-07T16:34:26Z (last step: 1642 msec, total: 11522 msec)
#=#=#=# Syncrun started 2018-02-07T16:34:44Z
#=#=#=#=# Propagation starts 2018-02-07T16:34:53Z (last step: 9755 msec, total: 9755 msec)
16:34:56||php_reference_only/api/login.php|INST_SYNC|Up|1518021287|55440475a9b7502129c809c44a969331|723|00704606ocg0oijmmfm5|4||204|713|1518021253||||
#=#=#=# Syncrun finished 2018-02-07T16:34:55Z (last step: 1862 msec, total: 11618 msec)
#=#=#=# Syncrun started 2018-02-07T16:35:24Z
#=#=#=#=# Propagation starts 2018-02-07T16:35:32Z (last step: 8558 msec, total: 8558 msec)
16:35:35||php_reference_only/api/login.php|INST_SYNC|Up|1518021310|ed532ef281ca9ca425139d944ac86084|723|00704606ocg0oijmmfm5|4||204|723|1518021287||||
#=#=#=# Syncrun finished 2018-02-07T16:35:34Z (last step: 1520 msec, total: 10079 msec)
#=#=#=# Syncrun started 2018-02-07T16:36:22Z
#=#=#=#=# Propagation starts 2018-02-07T16:36:35Z (last step: 12619 msec, total: 12619 msec)
#=#=#=# Syncrun finished 2018-02-07T16:36:37Z (last step: 1954 msec, total: 14574 msec)
#=#=#=# Syncrun started 2018-02-07T16:36:55Z
#=#=#=#=# Propagation starts 2018-02-07T16:37:06Z (last step: 11351 msec, total: 11351 msec)
||screens/LoginScreen.js|INST_SYNC|Up|1518021425|702b45971f5000b04f03a200c14f5144|2213|00639987ocg0oijmmfm5|3|Local file changed during sync.|0|2230|1518020883||||
#=#=#=# Syncrun finished 2018-02-07T16:37:08Z (last step: 1754 msec, total: 13105 msec)
#=#=#=# Syncrun started 2018-02-07T16:37:13Z
#=#=#=#=# Propagation starts 2018-02-07T16:37:47Z (last step: 33786 msec, total: 33786 msec)
16:37:50||screens/LoginScreen.js|INST_SYNC|Up|1518021431|61fb9e07a8fafc0a4247aa8e822c0cbf|2240|00639987ocg0oijmmfm5|4||204|2230|1518020883||||
#=#=#=# Syncrun finished 2018-02-07T16:37:50Z (last step: 3074 msec, total: 36861 msec)
#=#=#=# Syncrun started 2018-02-07T16:38:26Z
#=#=#=#=# Propagation starts 2018-02-07T16:38:51Z (last step: 25824 msec, total: 25824 msec)
#=#=#=# Syncrun finished 2018-02-07T16:38:55Z (last step: 3334 msec, total: 29158 msec)
#=#=#=# Syncrun started 2018-02-07T16:40:21Z
#=#=#=# Syncrun finished 2018-02-07T16:40:34Z (last step: 12579 msec, total: 12579 msec)
#=#=#=# Syncrun started 2018-02-07T16:41:10Z
#=#=#=#=# Propagation starts 2018-02-07T16:41:17Z (last step: 7268 msec, total: 7268 msec)
16:41:20||screens/LoginScreen.js|INST_SYNC|Up|1518021619|b0bebf32b62c80994953e111c2cf9849|2307|00639987ocg0oijmmfm5|4||204|2240|1518021431||||
#=#=#=# Syncrun finished 2018-02-07T16:41:19Z (last step: 1585 msec, total: 8853 msec)
#=#=#=# Syncrun started 2018-02-07T16:42:04Z
#=#=#=#=# Propagation starts 2018-02-07T16:42:13Z (last step: 8460 msec, total: 8460 msec)
16:42:16||screens/LoginScreen.js|INST_SYNC|Up|1518021731|8007e425c8b6136c367fc6610becf7e7|2240|00639987ocg0oijmmfm5|4||204|2307|1518021619||||
#=#=#=# Syncrun finished 2018-02-07T16:42:15Z (last step: 2099 msec, total: 10560 msec)
#=#=#=# Syncrun started 2018-02-07T16:42:20Z
#=#=#=#=# Propagation starts 2018-02-07T16:42:28Z (last step: 8014 msec, total: 8014 msec)
16:42:31||screens/LoginScreen.js|INST_SYNC|Up|1518021736|151abb4c1977da2c14aaf788eead68bc|2240|00639987ocg0oijmmfm5|4||204|2240|1518021731||||
#=#=#=# Syncrun finished 2018-02-07T16:42:30Z (last step: 1545 msec, total: 9559 msec)
#=#=#=# Syncrun started 2018-02-07T16:43:23Z
#=#=#=#=# Propagation starts 2018-02-07T16:43:32Z (last step: 8996 msec, total: 8996 msec)
16:43:34||php_reference_only/api/login.php|INST_SYNC|Up|1518021802|ef596f805cc11de31618f5f469610d05|733|00704606ocg0oijmmfm5|4||204|723|1518021310||||
#=#=#=# Syncrun finished 2018-02-07T16:43:33Z (last step: 1657 msec, total: 10654 msec)
#=#=#=# Syncrun started 2018-02-07T16:43:38Z
#=#=#=#=# Propagation starts 2018-02-07T16:43:47Z (last step: 9016 msec, total: 9016 msec)
#=#=#=# Syncrun finished 2018-02-07T16:43:49Z (last step: 1645 msec, total: 10662 msec)
#=#=#=# Syncrun started 2018-02-07T16:44:07Z
#=#=#=#=# Propagation starts 2018-02-07T16:44:45Z (last step: 38168 msec, total: 38168 msec)
16:44:48||php_reference_only/api/login.php|INST_SYNC|Up|1518021877|7e42f1726f422f3b38e21b57972ea7e9|726|00704606ocg0oijmmfm5|4||204|733|1518021802||||
#=#=#=# Syncrun finished 2018-02-07T16:44:47Z (last step: 1756 msec, total: 39925 msec)
#=#=#=# Syncrun started 2018-02-07T16:44:57Z
#=#=#=#=# Propagation starts 2018-02-07T16:45:06Z (last step: 9196 msec, total: 9196 msec)
16:45:09||php_reference_only/api/login.php|INST_SYNC|Up|1518021890|2fb1e74f716ffcb2c42dc185fb28ad8c|723|00704606ocg0oijmmfm5|4||204|726|1518021877||||
#=#=#=# Syncrun finished 2018-02-07T16:45:08Z (last step: 1633 msec, total: 10829 msec)
#=#=#=# Syncrun started 2018-02-07T16:45:13Z
#=#=#=#=# Propagation starts 2018-02-07T16:45:25Z (last step: 11987 msec, total: 11987 msec)
16:45:28||php_reference_only/api/login.php|INST_SYNC|Up|1518021910|02a7594fac6e040c8356df74963ac512|735|00704606ocg0oijmmfm5|4||204|723|1518021890||||
#=#=#=# Syncrun finished 2018-02-07T16:45:27Z (last step: 1768 msec, total: 13755 msec)
#=#=#=# Syncrun started 2018-02-07T16:46:01Z
#=#=#=#=# Propagation starts 2018-02-07T16:46:11Z (last step: 9799 msec, total: 9799 msec)
16:46:14||php_reference_only/api/login.php|INST_SYNC|Up|1518021945|ab34530c89f3d500a2472a0561f8a603|761|00704606ocg0oijmmfm5|4||204|735|1518021910||||
16:46:15||screens/LoginScreen.js|INST_SYNC|Up|1518021969|607d7ba19057e39961cfcfbc488da3cb|2243|00639987ocg0oijmmfm5|4||204|2240|1518021736||||
#=#=#=# Syncrun finished 2018-02-07T16:46:14Z (last step: 2896 msec, total: 12696 msec)
#=#=#=# Syncrun started 2018-02-07T16:46:33Z
#=#=#=# Syncrun finished 2018-02-07T16:47:09Z (last step: 35772 msec, total: 35772 msec)
#=#=#=# Syncrun started 2018-02-07T16:47:29Z
#=#=#=#=# Propagation starts 2018-02-07T16:47:59Z (last step: 30005 msec, total: 30005 msec)
16:48:02||screens/LoginScreen.js|INST_SYNC|Up|1518021998|9f172623f15d1ebe5680a1b6b83f22d5|2246|00639987ocg0oijmmfm5|4||204|2243|1518021969||||
#=#=#=# Syncrun finished 2018-02-07T16:48:01Z (last step: 2147 msec, total: 32152 msec)
#=#=#=# Syncrun started 2018-02-07T16:48:10Z
#=#=#=#=# Propagation starts 2018-02-07T16:48:28Z (last step: 17540 msec, total: 17540 msec)
16:48:31||php_reference_only/api/login.php|INST_SYNC|Up|1518022097|9fd3e3d87ee2e8f85376d5fe31c83255|736|00704606ocg0oijmmfm5|4||204|761|1518021945||||
#=#=#=# Syncrun finished 2018-02-07T16:48:31Z (last step: 3028 msec, total: 20568 msec)
#=#=#=# Syncrun started 2018-02-07T16:48:38Z
#=#=#=#=# Propagation starts 2018-02-07T16:48:49Z (last step: 10570 msec, total: 10570 msec)
#=#=#=# Syncrun finished 2018-02-07T16:48:51Z (last step: 2072 msec, total: 12643 msec)
#=#=#=# Syncrun started 2018-02-07T16:49:30Z
#=#=#=#=# Propagation starts 2018-02-07T16:49:58Z (last step: 27363 msec, total: 27363 msec)
#=#=#=# Syncrun finished 2018-02-07T16:50:00Z (last step: 2730 msec, total: 30094 msec)
#=#=#=# Syncrun started 2018-02-07T16:50:22Z
#=#=#=#=# Propagation starts 2018-02-07T16:50:31Z (last step: 8647 msec, total: 8647 msec)
16:50:34||php_reference_only/api/login.php|INST_SYNC|Up|1518022227|911fb9286d142ec4bcdfb7b05ef571fe|743|00704606ocg0oijmmfm5|4||204|736|1518022097||||
#=#=#=# Syncrun finished 2018-02-07T16:50:33Z (last step: 1773 msec, total: 10421 msec)
#=#=#=# Syncrun started 2018-02-07T16:50:38Z
#=#=#=#=# Propagation starts 2018-02-07T16:50:55Z (last step: 17180 msec, total: 17180 msec)
#=#=#=# Syncrun finished 2018-02-07T16:50:57Z (last step: 1715 msec, total: 18895 msec)
#=#=#=# Syncrun started 2018-02-07T16:51:15Z
#=#=#=#=# Propagation starts 2018-02-07T16:51:24Z (last step: 8715 msec, total: 8715 msec)
16:51:26||php_reference_only/api/login.php|INST_SYNC|Up|1518022268|c40f627c82e764874382f826331678ed|746|00704606ocg0oijmmfm5|4||204|743|1518022227||||
#=#=#=# Syncrun finished 2018-02-07T16:51:25Z (last step: 1833 msec, total: 10548 msec)
#=#=#=# Syncrun started 2018-02-07T16:51:45Z
#=#=#=#=# Propagation starts 2018-02-07T16:51:56Z (last step: 11057 msec, total: 11057 msec)
16:51:59||php_reference_only/api/login.php|INST_SYNC|Up|1518022306|c02b440f5ee958a737032b5bada89514|730|00704606ocg0oijmmfm5|4||204|746|1518022268||||
#=#=#=# Syncrun finished 2018-02-07T16:51:58Z (last step: 1995 msec, total: 13052 msec)
#=#=#=# Syncrun started 2018-02-07T16:52:24Z
#=#=#=# Syncrun finished 2018-02-07T16:52:50Z (last step: 25820 msec, total: 25820 msec)
#=#=#=# Syncrun started 2018-02-07T16:53:11Z
#=#=#=#=# Propagation starts 2018-02-07T16:53:57Z (last step: 46198 msec, total: 46198 msec)
16:54:00||php_reference_only/api/login.php|INST_SYNC|Up|1518022413|bacf42d860d59539ac2559039c7a9d63|735|00704606ocg0oijmmfm5|4||204|730|1518022306||||
#=#=#=# Syncrun finished 2018-02-07T16:53:59Z (last step: 2323 msec, total: 48522 msec)
#=#=#=# Syncrun started 2018-02-07T16:54:23Z
#=#=#=#=# Propagation starts 2018-02-07T16:54:32Z (last step: 8825 msec, total: 8825 msec)
16:54:35||php_reference_only/api/login.php|INST_SYNC|Up|1518022464|86bf15de7adecb0d4982c2dba356f6b2|733|00704606ocg0oijmmfm5|4||204|735|1518022413||||
16:54:36||screens/LoginScreen.js|INST_SYNC|Up|1518022431|814001154d2873fe49e958dc3cb5b9c9|2234|00639987ocg0oijmmfm5|4||204|2246|1518021998||||
#=#=#=# Syncrun finished 2018-02-07T16:54:34Z (last step: 2221 msec, total: 11047 msec)
#=#=#=# Syncrun started 2018-02-07T16:54:53Z
#=#=#=#=# Propagation starts 2018-02-07T16:55:02Z (last step: 9719 msec, total: 9719 msec)
#=#=#=# Syncrun finished 2018-02-07T16:55:04Z (last step: 1573 msec, total: 11292 msec)
#=#=#=# Syncrun started 2018-02-07T16:55:19Z
#=#=#=#=# Propagation starts 2018-02-07T16:55:27Z (last step: 8016 msec, total: 8016 msec)
16:55:30||php_reference_only/api/login.php|INST_SYNC|Up|1518022517|c4fea9bdf188b115595c3935258e70c7|733|00704606ocg0oijmmfm5|4||204|733|1518022464||||
16:55:31||screens/LoginScreen.js|INST_SYNC|Up|1518022520|d2e0f9f21b7c9bc7d58dfb91edeb5fac|2254|00639987ocg0oijmmfm5|4||204|2234|1518022431||||
#=#=#=# Syncrun finished 2018-02-07T16:55:29Z (last step: 2254 msec, total: 10271 msec)
#=#=#=# Syncrun started 2018-02-07T16:55:34Z
#=#=#=#=# Propagation starts 2018-02-07T16:55:59Z (last step: 24990 msec, total: 24990 msec)
16:56:02||screens/LoginScreen.js|INST_SYNC|Up|1518022528|ec9977cf289bc2dadadbd2c19f9a610c|2276|00639987ocg0oijmmfm5|4||204|2254|1518022520||||
#=#=#=# Syncrun finished 2018-02-07T16:56:01Z (last step: 1566 msec, total: 26556 msec)
#=#=#=# Syncrun started 2018-02-07T16:56:23Z
#=#=#=#=# Propagation starts 2018-02-07T16:56:37Z (last step: 14206 msec, total: 14206 msec)
16:56:40||php_reference_only/api/login.php|INST_SYNC|Up|1518022589|d0c15b0fef608bed33e11ccc9678dad8|733|00704606ocg0oijmmfm5|4||204|733|1518022517||||
#=#=#=# Syncrun finished 2018-02-07T16:56:39Z (last step: 1559 msec, total: 15765 msec)
#=#=#=# Syncrun started 2018-02-07T16:57:00Z
#=#=#=#=# Propagation starts 2018-02-07T16:57:17Z (last step: 17109 msec, total: 17109 msec)
16:57:20||screens/LoginScreen.js|INST_SYNC|Up|1518022591|e04df302f3244e688a190e7cf4697c90|2276|00639987ocg0oijmmfm5|4||204|2276|1518022528||||
#=#=#=# Syncrun finished 2018-02-07T16:57:19Z (last step: 2110 msec, total: 19220 msec)
#=#=#=# Syncrun started 2018-02-07T16:57:56Z
#=#=#=#=# Propagation starts 2018-02-07T16:58:05Z (last step: 8894 msec, total: 8894 msec)
#=#=#=# Syncrun finished 2018-02-07T16:58:06Z (last step: 1569 msec, total: 10464 msec)
#=#=#=# Syncrun started 2018-02-07T16:58:18Z
#=#=#=#=# Propagation starts 2018-02-07T16:58:26Z (last step: 7598 msec, total: 7598 msec)
16:58:29||screens/LoginScreen.js|INST_SYNC|Up|1518022696|dcc4373b80a9cf0b508b81cf430174ca|2292|00639987ocg0oijmmfm5|4||204|2276|1518022591||||
#=#=#=# Syncrun finished 2018-02-07T16:58:28Z (last step: 1812 msec, total: 9411 msec)
#=#=#=# Syncrun started 2018-02-07T16:58:34Z
#=#=#=#=# Propagation starts 2018-02-07T16:58:46Z (last step: 12259 msec, total: 12259 msec)
16:58:49||screens/LoginScreen.js|INST_SYNC|Up|1518022723|e2881837ea73066156e125c2dd410865|2273|00639987ocg0oijmmfm5|4||204|2292|1518022696||||
#=#=#=# Syncrun finished 2018-02-07T16:58:48Z (last step: 1662 msec, total: 13922 msec)
#=#=#=# Syncrun started 2018-02-07T16:58:54Z
#=#=#=#=# Propagation starts 2018-02-07T16:59:05Z (last step: 10845 msec, total: 10845 msec)
16:59:07||screens/LoginScreen.js|INST_SYNC|Up|1518022732|44bb7551b9f6ee6f5e286de0e6d6d58a|2273|00639987ocg0oijmmfm5|4||204|2273|1518022723||||
#=#=#=# Syncrun finished 2018-02-07T16:59:06Z (last step: 1574 msec, total: 12419 msec)
#=#=#=# Syncrun started 2018-02-07T16:59:12Z
#=#=#=#=# Propagation starts 2018-02-07T16:59:21Z (last step: 9780 msec, total: 9780 msec)
16:59:24||screens/LoginScreen.js|INST_SYNC|Up|1518022753|65b9d319093eb2d336abe2359e89bb76|2292|00639987ocg0oijmmfm5|4||204|2273|1518022732||||
#=#=#=# Syncrun finished 2018-02-07T16:59:24Z (last step: 2824 msec, total: 12604 msec)
#=#=#=# Syncrun started 2018-02-07T16:59:50Z
#=#=#=# Syncrun finished 2018-02-07T17:00:17Z (last step: 27173 msec, total: 27173 msec)
#=#=#=# Syncrun started 2018-02-07T17:00:38Z
#=#=#=#=# Propagation starts 2018-02-07T17:00:48Z (last step: 9544 msec, total: 9544 msec)
#=#=#=# Syncrun finished 2018-02-07T17:00:50Z (last step: 2037 msec, total: 11582 msec)
#=#=#=# Syncrun started 2018-02-07T17:00:55Z
#=#=#=#=# Propagation starts 2018-02-07T17:01:09Z (last step: 13605 msec, total: 13605 msec)
#=#=#=# Syncrun finished 2018-02-07T17:01:12Z (last step: 3111 msec, total: 16717 msec)
#=#=#=# Syncrun started 2018-02-07T17:01:54Z
#=#=#=#=# Propagation starts 2018-02-07T17:02:05Z (last step: 11387 msec, total: 11387 msec)
#=#=#=# Syncrun finished 2018-02-07T17:02:07Z (last step: 1529 msec, total: 12917 msec)
#=#=#=# Syncrun started 2018-02-07T17:03:20Z
#=#=#=#=# Propagation starts 2018-02-07T17:03:28Z (last step: 7394 msec, total: 7394 msec)
17:03:31||screens/LoginScreen.js|INST_SYNC|Up|1518022998|adeecc4f33ce3cea4fe405b3e8c9810d|2273|00639987ocg0oijmmfm5|4||204|2292|1518022753||||
#=#=#=# Syncrun finished 2018-02-07T17:03:31Z (last step: 2916 msec, total: 10310 msec)
#=#=#=# Syncrun started 2018-02-07T17:03:54Z
#=#=#=#=# Propagation starts 2018-02-07T17:04:03Z (last step: 9661 msec, total: 9661 msec)
17:04:06||constants/index.js|INST_SYNC|Up|1518023032|37a117adee065bdd8de4911b58c354d0|501|00637679ocg0oijmmfm5|4||204|518|1518020787||||
#=#=#=# Syncrun finished 2018-02-07T17:04:05Z (last step: 1746 msec, total: 11407 msec)
#=#=#=# Syncrun started 2018-02-07T17:04:42Z
#=#=#=#=# Propagation starts 2018-02-07T17:04:54Z (last step: 11770 msec, total: 11770 msec)
17:04:56||constants/index.js|INST_SYNC|Up|1518023062|08181ce33158a5c3509a850cc35f526c|505|00637679ocg0oijmmfm5|4||204|501|1518023032||||
#=#=#=# Syncrun finished 2018-02-07T17:04:56Z (last step: 2024 msec, total: 13794 msec)
#=#=#=# Syncrun started 2018-02-07T17:06:51Z
#=#=#=#=# Propagation starts 2018-02-07T17:07:08Z (last step: 17275 msec, total: 17275 msec)
17:07:10||constants/index.js|INST_SYNC|Up|1518023172|8893bc7397b31f21260f7a94b7d55086|503|00637679ocg0oijmmfm5|4||204|505|1518023062||||
17:07:13||screens/LoginScreen.js|INST_SYNC|Up|1518023182|3255d4a409e902ee9e4dc9fb5aa0eaf9|2256|00639987ocg0oijmmfm5|4||204|2273|1518022998||||
#=#=#=# Syncrun finished 2018-02-07T17:07:12Z (last step: 4426 msec, total: 21702 msec)
#=#=#=# Syncrun started 2018-02-07T17:07:53Z
#=#=#=#=# Propagation starts 2018-02-07T17:08:03Z (last step: 9554 msec, total: 9554 msec)
17:08:06||constants/index.js|INST_SYNC|Up|1518023278|16678c9dcd0f7880198f3756906dde5c|522|00637679ocg0oijmmfm5|4||204|503|1518023172||||
#=#=#=# Syncrun finished 2018-02-07T17:08:05Z (last step: 1922 msec, total: 11477 msec)
#=#=#=# Syncrun started 2018-02-07T17:08:10Z
#=#=#=#=# Propagation starts 2018-02-07T17:08:23Z (last step: 12390 msec, total: 12390 msec)
17:08:25||screens/LoginScreen.js|INST_SYNC|Up|1518023290|eb139edb396527d3f7c7387aa947ced8|2256|00639987ocg0oijmmfm5|4||204|2256|1518023182||||
#=#=#=# Syncrun finished 2018-02-07T17:08:24Z (last step: 1526 msec, total: 13916 msec)
#=#=#=# Syncrun started 2018-02-07T17:08:30Z
#=#=#=#=# Propagation starts 2018-02-07T17:08:39Z (last step: 9131 msec, total: 9131 msec)
#=#=#=# Syncrun finished 2018-02-07T17:08:41Z (last step: 1699 msec, total: 10830 msec)
#=#=#=# Syncrun started 2018-02-07T17:08:59Z
#=#=#=#=# Propagation starts 2018-02-07T17:09:17Z (last step: 17805 msec, total: 17805 msec)
17:09:19||screens/LoginScreen.js|INST_SYNC|Up|1518023341|ade4bd1aed5987e34b255bc66e175321|2256|00639987ocg0oijmmfm5|4||204|2256|1518023290||||
#=#=#=# Syncrun finished 2018-02-07T17:09:19Z (last step: 1763 msec, total: 19569 msec)
#=#=#=# Syncrun started 2018-02-07T17:09:41Z
#=#=#=#=# Propagation starts 2018-02-07T17:09:50Z (last step: 8730 msec, total: 8730 msec)
#=#=#=# Syncrun finished 2018-02-07T17:09:51Z (last step: 1526 msec, total: 10256 msec)
#=#=#=# Syncrun started 2018-02-07T17:10:26Z
#=#=#=# Syncrun finished 2018-02-07T17:10:42Z (last step: 15781 msec, total: 15781 msec)
#=#=#=# Syncrun started 2018-02-07T17:10:52Z
#=#=#=#=# Propagation starts 2018-02-07T17:11:17Z (last step: 24981 msec, total: 24981 msec)
17:11:20||constants/index.js|INST_SYNC|Up|1518023422|aecfec56cda085c040872873f9ec7711|507|00637679ocg0oijmmfm5|4||204|522|1518023278||||
#=#=#=# Syncrun finished 2018-02-07T17:11:20Z (last step: 2836 msec, total: 27817 msec)
#=#=#=# Syncrun started 2018-02-07T17:11:28Z
#=#=#=# Syncrun finished 2018-02-07T17:12:18Z (last step: 49586 msec, total: 49586 msec)
#=#=#=# Syncrun started 2018-02-07T17:12:46Z
#=#=#=# Syncrun finished 2018-02-07T17:12:56Z (last step: 10034 msec, total: 10034 msec)
